[2025-08-13 17:17:02] This is codeql database create CodeQL --language=typescript
[2025-08-13 17:17:02] Log file was started late.
[2025-08-13 17:17:02] [PROGRESS] database create> Initializing database at /Users/noxus/GitHub/noxus-web/CodeQL.
[2025-08-13 17:17:02] Running plumbing command: codeql database init --language=typescript --extractor-options-verbosity=1 --qlconfig-file=/Users/noxus/GitHub/noxus-web/qlconfig.yml --source-root=/Users/noxus/GitHub/noxus-web --allow-missing-source-root=false --allow-already-existing -- /Users/noxus/GitHub/noxus-web/CodeQL
[2025-08-13 17:17:02] Calling plumbing command: codeql resolve languages --extractor-options-verbosity=1 --format=betterjson
[2025-08-13 17:17:02] [DETAILS] resolve languages> Scanning for [codeql-extractor.yml] from /opt/homebrew/Caskroom/codeql/2.22.3/codeql/.codeqlmanifest.json
[2025-08-13 17:17:02] [DETAILS] resolve languages> Parsing /opt/homebrew/Caskroom/codeql/2.22.3/codeql/go/codeql-extractor.yml.
[2025-08-13 17:17:02] [DETAILS] resolve languages> Parsing /opt/homebrew/Caskroom/codeql/2.22.3/codeql/python/codeql-extractor.yml.
[2025-08-13 17:17:02] [DETAILS] resolve languages> Parsing /opt/homebrew/Caskroom/codeql/2.22.3/codeql/rust/codeql-extractor.yml.
[2025-08-13 17:17:02] [DETAILS] resolve languages> Parsing /opt/homebrew/Caskroom/codeql/2.22.3/codeql/java/codeql-extractor.yml.
[2025-08-13 17:17:02] [DETAILS] resolve languages> Parsing /opt/homebrew/Caskroom/codeql/2.22.3/codeql/html/codeql-extractor.yml.
[2025-08-13 17:17:02] [DETAILS] resolve languages> Parsing /opt/homebrew/Caskroom/codeql/2.22.3/codeql/xml/codeql-extractor.yml.
[2025-08-13 17:17:02] [DETAILS] resolve languages> Parsing /opt/homebrew/Caskroom/codeql/2.22.3/codeql/properties/codeql-extractor.yml.
[2025-08-13 17:17:02] [DETAILS] resolve languages> Parsing /opt/homebrew/Caskroom/codeql/2.22.3/codeql/cpp/codeql-extractor.yml.
[2025-08-13 17:17:02] [DETAILS] resolve languages> Parsing /opt/homebrew/Caskroom/codeql/2.22.3/codeql/swift/codeql-extractor.yml.
[2025-08-13 17:17:02] [DETAILS] resolve languages> Parsing /opt/homebrew/Caskroom/codeql/2.22.3/codeql/csv/codeql-extractor.yml.
[2025-08-13 17:17:02] [DETAILS] resolve languages> Parsing /opt/homebrew/Caskroom/codeql/2.22.3/codeql/actions/codeql-extractor.yml.
[2025-08-13 17:17:02] [DETAILS] resolve languages> Parsing /opt/homebrew/Caskroom/codeql/2.22.3/codeql/yaml/codeql-extractor.yml.
[2025-08-13 17:17:02] [DETAILS] resolve languages> Parsing /opt/homebrew/Caskroom/codeql/2.22.3/codeql/csharp/codeql-extractor.yml.
[2025-08-13 17:17:02] [DETAILS] resolve languages> Parsing /opt/homebrew/Caskroom/codeql/2.22.3/codeql/javascript/codeql-extractor.yml.
[2025-08-13 17:17:02] [DETAILS] resolve languages> Parsing /opt/homebrew/Caskroom/codeql/2.22.3/codeql/ruby/codeql-extractor.yml.
[2025-08-13 17:17:02] Plumbing command codeql resolve languages completed:
                      {
                        "aliases" : {
                          "c" : "cpp",
                          "c++" : "cpp",
                          "c-c++" : "cpp",
                          "c-cpp" : "cpp",
                          "c#" : "csharp",
                          "java-kotlin" : "java",
                          "kotlin" : "java",
                          "javascript-typescript" : "javascript",
                          "typescript" : "javascript"
                        },
                        "extractors" : {
                          "go" : [
                            {
                              "extractor_root" : "/opt/homebrew/Caskroom/codeql/2.22.3/codeql/go",
                              "extractor_options" : {
                                "extract_tests" : {
                                  "title" : "Whether to include Go test files in the CodeQL database.",
                                  "description" : "A value indicating whether Go test files should be included in the CodeQL database. The default is 'false'.\n",
                                  "type" : "string",
                                  "pattern" : "^(false|true)$"
                                },
                                "extract_vendor_dirs" : {
                                  "title" : "Whether to include Go vendor directories in the CodeQL database.",
                                  "description" : "A value indicating whether Go vendor directories should be included in the CodeQL database. The default is 'false'.\n",
                                  "type" : "string",
                                  "pattern" : "^(false|true)$"
                                }
                              }
                            }
                          ],
                          "python" : [
                            {
                              "extractor_root" : "/opt/homebrew/Caskroom/codeql/2.22.3/codeql/python",
                              "extractor_options" : {
                                "logging" : {
                                  "title" : "Options pertaining to logging.",
                                  "description" : "Options pertaining to logging.",
                                  "type" : "object",
                                  "properties" : {
                                    "verbosity" : {
                                      "title" : "Python extractor logging verbosity level.",
                                      "description" : "Controls the level of verbosity of the CodeQL Python extractor.\nThe supported levels are (in order of increasing verbosity):\n\n  - off\n  - errors\n  - warnings\n  - info or progress\n  - debug or progress+\n  - trace or progress++\n  - progress+++\n",
                                      "type" : "string",
                                      "pattern" : "^(off|errors|warnings|(info|progress)|(debug|progress\\+)|(trace|progress\\+\\+)|progress\\+\\+\\+)$"
                                    }
                                  }
                                },
                                "python_executable_name" : {
                                  "title" : "Controls the name of the Python executable used by the Python extractor.",
                                  "description" : "The Python extractor uses platform-dependent heuristics to determine the name of the Python executable to use. Specifying a value for this option overrides the name of the Python executable used by the extractor. Accepted values are py, python and python3. Use this setting with caution, the Python extractor requires Python 3 to run.\n",
                                  "type" : "string",
                                  "pattern" : "^(py|python|python3)$"
                                }
                              }
                            }
                          ],
                          "rust" : [
                            {
                              "extractor_root" : "/opt/homebrew/Caskroom/codeql/2.22.3/codeql/rust",
                              "extractor_options" : {
                                "trap" : {
                                  "title" : "Options pertaining to TRAP.",
                                  "description" : "Options pertaining to TRAP.",
                                  "type" : "object",
                                  "properties" : {
                                    "compression" : {
                                      "title" : "Controls compression for the TRAP files written by the extractor.",
                                      "description" : "This option is only intended for use in debugging the extractor. Accepted values are 'gzip' (to write gzip-compressed TRAP) 'zstd' (to write Zstandard-compressed TRAP) and 'none' (the default, to write uncompressed TRAP).\n",
                                      "type" : "string",
                                      "pattern" : "^(none|gzip|zstd)$"
                                    }
                                  }
                                },
                                "cargo_target_dir" : {
                                  "title" : "Directory to use for cargo output files.",
                                  "description" : "This value is an optional path to use as `CARGO_TARGET_DIR` for the internal cargo commands the extractor uses. Pointing it to a persistent directory may reduce execution time of consecutive extractor runs. By default, a new scratch directory is used for each run.\n",
                                  "type" : "string"
                                },
                                "cargo_target" : {
                                  "title" : "Target architecture",
                                  "description" : "Target architecture to use for analysis, analogous to `cargo --target`. By default the host architecture is used.\n",
                                  "type" : "string"
                                },
                                "cargo_features" : {
                                  "title" : "Cargo features to turn on",
                                  "description" : "Comma-separated list of features to turn on. By default all features are enabled. If any features are specified, then only those features are enabled. The `default` feature must be explicitly specified if only default features are desired. Can be repeated.\n",
                                  "type" : "array"
                                },
                                "cargo_cfg_overrides" : {
                                  "title" : "Cargo cfg overrides",
                                  "description" : "Comma-separated list of cfg settings to enable, or disable if prefixed with `-`. Can be repeated.\n",
                                  "type" : "array"
                                },
                                "logging" : {
                                  "title" : "Options pertaining to logging.",
                                  "description" : "Options pertaining to logging.",
                                  "type" : "object",
                                  "properties" : {
                                    "verbosity" : {
                                      "title" : "Extractor logging verbosity level.",
                                      "description" : "Controls the level of verbosity of the extractor. The supported levels are (in order of increasing verbosity):\n  - off\n  - errors\n  - warnings\n  - info or progress\n  - debug or progress+\n  - trace or progress++\n  - progress+++\n",
                                      "type" : "string",
                                      "pattern" : "^(off|errors|warnings|(info|progress)|(debug|progress\\+)|(trace|progress\\+\\+)|progress\\+\\+\\+)$"
                                    },
                                    "flamegraph" : {
                                      "title" : "[Experimental] File path for write flame graph log",
                                      "description" : "Collect flame graph data using the `tracing-flame` crate. To render a flame graph or chart, run the `inferno-flamegraph` command. See also: https://crates.io/crates/tracing-flame\n",
                                      "type" : "string"
                                    }
                                  }
                                },
                                "skip_path_resolution" : {
                                  "title" : "Skip path resolution",
                                  "description" : "Skip path resolution. This is experimental, while we move path resolution from the extractor to the QL library.\n",
                                  "type" : "string",
                                  "pattern" : "^(false|true)$"
                                },
                                "extract_dependencies_as_source" : {
                                  "title" : "Extract dependencies as source code",
                                  "description" : "Extract the full source code of dependencies instead of only extracting signatures.\n",
                                  "type" : "string",
                                  "pattern" : "^(false|true)$"
                                }
                              }
                            }
                          ],
                          "java" : [
                            {
                              "extractor_root" : "/opt/homebrew/Caskroom/codeql/2.22.3/codeql/java",
                              "extractor_options" : {
                                "exclude" : {
                                  "title" : "A glob excluding files from analysis.",
                                  "description" : "A glob indicating what files to exclude from the analysis. This accepts glob patterns that are supported by Java's 'getPathMatcher' implementation.\n",
                                  "type" : "string"
                                },
                                "add_prefer_source" : {
                                  "title" : "Whether to always prefer source files over class files.",
                                  "description" : "A value indicating whether source files should be preferred over class files. If set to 'true', the extraction adds '-Xprefer:source' to the javac command line. If set to 'false', the extraction uses the default javac behavior ('-Xprefer:newer'). The default is 'true'.\n",
                                  "type" : "string",
                                  "pattern" : "^(false|true)$"
                                },
                                "buildless" : {
                                  "title" : "Whether to use buildless (standalone) extraction (experimental).",
                                  "description" : "A value indicating, which type of extraction the autobuilder should perform. If 'true', then the standalone extractor will be used, otherwise tracing extraction will be performed. The default is 'false'. Note that buildless extraction will generally yield less accurate analysis results, and should only be used in cases where it is not possible to build the code (for example if it uses inaccessible dependencies).\n",
                                  "type" : "string",
                                  "pattern" : "^(false|true)$"
                                },
                                "buildless_dependency_dir" : {
                                  "title" : "The path where buildless (standalone) extraction should keep dependencies.",
                                  "description" : "If set, the buildless (standalone) extractor will store dependencies in this directory.\n",
                                  "type" : "string"
                                },
                                "minimize_dependency_jars" : {
                                  "title" : "Whether to rewrite and minimize downloaded JAR dependencies (experimental).",
                                  "description" : "If 'true', JAR dependencies downloaded during extraction will be rewritten to remove unneeded data, such as method bodies. The default is 'false'.\n",
                                  "type" : "string",
                                  "pattern" : "^(false|true)$"
                                }
                              }
                            }
                          ],
                          "html" : [
                            {
                              "extractor_root" : "/opt/homebrew/Caskroom/codeql/2.22.3/codeql/html"
                            }
                          ],
                          "xml" : [
                            {
                              "extractor_root" : "/opt/homebrew/Caskroom/codeql/2.22.3/codeql/xml"
                            }
                          ],
                          "properties" : [
                            {
                              "extractor_root" : "/opt/homebrew/Caskroom/codeql/2.22.3/codeql/properties"
                            }
                          ],
                          "cpp" : [
                            {
                              "extractor_root" : "/opt/homebrew/Caskroom/codeql/2.22.3/codeql/cpp",
                              "extractor_options" : {
                                "scale_timeouts" : {
                                  "title" : "Value to scale compiler introspection timeouts with",
                                  "description" : "The extractor attempts to determine what compiler the source code being extracted is compiled with. To this end the extractor makes additional calls to the compiler, some of which are expected to return within a certain fixed time (either 10s or 15s). On some systems that are under high load this time might be too short, and can be scaled up using this option.\n",
                                  "type" : "string",
                                  "pattern" : "[0-9]+"
                                },
                                "log_verbosity" : {
                                  "title" : "Verbosity of the extractor logging",
                                  "description" : "Set the verbosity of the extractor logging to 'quiet' (0), 'normal' (1), 'chatty' (2), or 'noisy' (3). The default is 'normal'.\n",
                                  "type" : "string",
                                  "pattern" : "[0-3]"
                                }
                              }
                            }
                          ],
                          "swift" : [
                            {
                              "extractor_root" : "/opt/homebrew/Caskroom/codeql/2.22.3/codeql/swift"
                            }
                          ],
                          "csv" : [
                            {
                              "extractor_root" : "/opt/homebrew/Caskroom/codeql/2.22.3/codeql/csv"
                            }
                          ],
                          "actions" : [
                            {
                              "extractor_root" : "/opt/homebrew/Caskroom/codeql/2.22.3/codeql/actions",
                              "extractor_options" : { }
                            }
                          ],
                          "yaml" : [
                            {
                              "extractor_root" : "/opt/homebrew/Caskroom/codeql/2.22.3/codeql/yaml"
                            }
                          ],
                          "csharp" : [
                            {
                              "extractor_root" : "/opt/homebrew/Caskroom/codeql/2.22.3/codeql/csharp",
                              "extractor_options" : {
                                "trap" : {
                                  "title" : "Options pertaining to TRAP.",
                                  "description" : "Options pertaining to TRAP.",
                                  "type" : "object",
                                  "properties" : {
                                    "compression" : {
                                      "title" : "Controls compression for the TRAP files written by the extractor.",
                                      "description" : "This option is only intended for use in debugging the extractor. Accepted values are 'brotli' (the default, to write brotli-compressed TRAP), 'gzip', and 'none' (to write uncompressed TRAP).\n",
                                      "type" : "string",
                                      "pattern" : "^(none|gzip|brotli)$"
                                    }
                                  }
                                },
                                "buildless" : {
                                  "title" : "DEPRECATED - Whether to use buildless (standalone) extraction.",
                                  "description" : "DEPRECATED: Use `--build-mode none` instead.\nA value indicating, which type of extraction the autobuilder should perform. If 'true', then the standalone extractor will be used, otherwise tracing extraction will be performed. The default is 'false'. Note that buildless extraction will generally yield less accurate analysis results, and should only be used in cases where it is not possible to build the code (for example if it uses inaccessible dependencies).\n",
                                  "type" : "string",
                                  "pattern" : "^(false|true)$"
                                },
                                "logging" : {
                                  "title" : "Options pertaining to logging.",
                                  "description" : "Options pertaining to logging.",
                                  "type" : "object",
                                  "properties" : {
                                    "verbosity" : {
                                      "title" : "Extractor logging verbosity level.",
                                      "description" : "Controls the level of verbosity of the extractor. The supported levels are (in order of increasing verbosity):\n  - off\n  - errors\n  - warnings\n  - info or progress\n  - debug or progress+\n  - trace or progress++\n  - progress+++\n",
                                      "type" : "string",
                                      "pattern" : "^(off|errors|warnings|(info|progress)|(debug|progress\\+)|(trace|progress\\+\\+)|progress\\+\\+\\+)$"
                                    }
                                  }
                                },
                                "binlog" : {
                                  "title" : "Binlog",
                                  "description" : "[EXPERIMENTAL] The value is a path to the MsBuild binary log file that should be extracted. This option only works when `--build-mode none` is also specified.\n",
                                  "type" : "array"
                                }
                              }
                            }
                          ],
                          "javascript" : [
                            {
                              "extractor_root" : "/opt/homebrew/Caskroom/codeql/2.22.3/codeql/javascript",
                              "extractor_options" : {
                                "skip_types" : {
                                  "title" : "Skip type extraction for TypeScript",
                                  "description" : "Whether to skip the extraction of types in a TypeScript application",
                                  "type" : "string",
                                  "pattern" : "^(false|true)$"
                                }
                              }
                            }
                          ],
                          "ruby" : [
                            {
                              "extractor_root" : "/opt/homebrew/Caskroom/codeql/2.22.3/codeql/ruby",
                              "extractor_options" : {
                                "trap" : {
                                  "title" : "Options pertaining to TRAP.",
                                  "description" : "Options pertaining to TRAP.",
                                  "type" : "object",
                                  "properties" : {
                                    "compression" : {
                                      "title" : "Controls compression for the TRAP files written by the extractor.",
                                      "description" : "This option is only intended for use in debugging the extractor. Accepted values are 'gzip' (the default, to write gzip-compressed TRAP) 'zstd' (to write Zstandard-compressed TRAP) and 'none' (to write uncompressed TRAP).\n",
                                      "type" : "string",
                                      "pattern" : "^(none|gzip|zstd)$"
                                    }
                                  }
                                }
                              }
                            }
                          ]
                        }
                      }
[2025-08-13 17:17:02] [PROGRESS] database init> Calculating baseline information in /Users/noxus/GitHub/noxus-web
[2025-08-13 17:17:02] [SPAMMY] database init> Ignoring the following directories when processing baseline information: .git, .hg, .svn.
[2025-08-13 17:17:02] [DETAILS] database init> Running command in /Users/noxus/GitHub/noxus-web: /opt/homebrew/Caskroom/codeql/2.22.3/codeql/tools/osx64/scc --by-file --exclude-dir .git,.hg,.svn --format json --no-large --no-min .
[2025-08-13 17:17:03] Using configure-baseline script /opt/homebrew/Caskroom/codeql/2.22.3/codeql/javascript/tools/configure-baseline.sh.
[2025-08-13 17:17:03] [PROGRESS] database init> Running command in /Users/noxus/GitHub/noxus-web: [/opt/homebrew/Caskroom/codeql/2.22.3/codeql/javascript/tools/configure-baseline.sh]
[2025-08-13 17:17:03] [SPAMMY] database init> Found 34 baseline files for javascript.
[2025-08-13 17:17:03] [PROGRESS] database init> Calculated baseline information for languages: javascript (1.3s).
[2025-08-13 17:17:06] [PROGRESS] database init> Resolving extractor javascript.
[2025-08-13 17:17:06] [DETAILS] database init> Found candidate extractor root for javascript: /opt/homebrew/Caskroom/codeql/2.22.3/codeql/javascript.
[2025-08-13 17:17:06] [PROGRESS] database init> Successfully loaded extractor JavaScript/TypeScript (javascript) from /opt/homebrew/Caskroom/codeql/2.22.3/codeql/javascript.
[2025-08-13 17:17:06] [SPAMMY] database init> Determining macOS System Integrity Protection status...
[2025-08-13 17:17:06] [SPAMMY] database init> Running command [/usr/bin/csrutil, status].
[2025-08-13 17:17:06] [SPAMMY] database init> SIP is enabled.
[2025-08-13 17:17:06] [PROGRESS] database init> Created skeleton CodeQL database at /Users/noxus/GitHub/noxus-web/CodeQL. This in-progress database is ready to be populated by an extractor.
[2025-08-13 17:17:06] Plumbing command codeql database init completed.
[2025-08-13 17:17:06] [PROGRESS] database create> Running build command: []
[2025-08-13 17:17:06] Running plumbing command: codeql database trace-command --working-dir=/Users/noxus/GitHub/noxus-web --index-traceless-dbs --no-db-cluster -- /Users/noxus/GitHub/noxus-web/CodeQL
[2025-08-13 17:17:06] Using autobuild script /opt/homebrew/Caskroom/codeql/2.22.3/codeql/javascript/tools/autobuild.sh.
[2025-08-13 17:17:06] [PROGRESS] database trace-command> Running command in /Users/noxus/GitHub/noxus-web: [/opt/homebrew/Caskroom/codeql/2.22.3/codeql/javascript/tools/autobuild.sh]
[2025-08-13 17:17:07] [build-stdout] Single-threaded extraction.
[2025-08-13 17:17:09] [build-stdout] package.json: Main file not found
[2025-08-13 17:17:09] [build-stdout] Found Node.js at: node
[2025-08-13 17:17:09] [build-stdout] Found Node.js version: v20.19.1
[2025-08-13 17:17:09] [build-stdout] Memory for TypeScript process: 2000 MB, and 400 MB reserve
[2025-08-13 17:17:09] [build-stdout] Extracting /Users/noxus/GitHub/noxus-web/app/services/page.tsx
[2025-08-13 17:17:10] [build-stdout] Done extracting /Users/noxus/GitHub/noxus-web/app/services/page.tsx (236 ms)
[2025-08-13 17:17:10] [build-stdout] Extracting /Users/noxus/GitHub/noxus-web/app/works/page.tsx
[2025-08-13 17:17:10] [build-stdout] Done extracting /Users/noxus/GitHub/noxus-web/app/works/page.tsx (11 ms)
[2025-08-13 17:17:10] [build-stdout] Extracting /Users/noxus/GitHub/noxus-web/components/atom/ArrowIcon.tsx
[2025-08-13 17:17:10] [build-stdout] Done extracting /Users/noxus/GitHub/noxus-web/components/atom/ArrowIcon.tsx (8 ms)
[2025-08-13 17:17:10] [build-stdout] Extracting /Users/noxus/GitHub/noxus-web/components/atom/Button.tsx
[2025-08-13 17:17:10] [build-stdout] Done extracting /Users/noxus/GitHub/noxus-web/components/atom/Button.tsx (26 ms)
[2025-08-13 17:17:10] [build-stdout] Extracting /Users/noxus/GitHub/noxus-web/components/atom/Frame.tsx
[2025-08-13 17:17:10] [build-stdout] Done extracting /Users/noxus/GitHub/noxus-web/components/atom/Frame.tsx (9 ms)
[2025-08-13 17:17:10] [build-stdout] Extracting /Users/noxus/GitHub/noxus-web/components/atom/HeroOne.tsx
[2025-08-13 17:17:10] [build-stdout] Done extracting /Users/noxus/GitHub/noxus-web/components/atom/HeroOne.tsx (6 ms)
[2025-08-13 17:17:10] [build-stdout] Extracting /Users/noxus/GitHub/noxus-web/components/atom/HeroService.tsx
[2025-08-13 17:17:10] [build-stdout] Done extracting /Users/noxus/GitHub/noxus-web/components/atom/HeroService.tsx (9 ms)
[2025-08-13 17:17:10] [build-stdout] Extracting /Users/noxus/GitHub/noxus-web/components/body/Articles.tsx
[2025-08-13 17:17:10] [build-stdout] Done extracting /Users/noxus/GitHub/noxus-web/components/body/Articles.tsx (14 ms)
[2025-08-13 17:17:10] [build-stdout] Extracting /Users/noxus/GitHub/noxus-web/components/body/Clients.tsx
[2025-08-13 17:17:10] [build-stdout] Done extracting /Users/noxus/GitHub/noxus-web/components/body/Clients.tsx (8 ms)
[2025-08-13 17:17:10] [build-stdout] Extracting /Users/noxus/GitHub/noxus-web/components/body/Discuss.tsx
[2025-08-13 17:17:10] [build-stdout] Done extracting /Users/noxus/GitHub/noxus-web/components/body/Discuss.tsx (1 ms)
[2025-08-13 17:17:10] [build-stdout] Extracting /Users/noxus/GitHub/noxus-web/components/body/Experience.tsx
[2025-08-13 17:17:10] [build-stdout] Done extracting /Users/noxus/GitHub/noxus-web/components/body/Experience.tsx (12 ms)
[2025-08-13 17:17:10] [build-stdout] Extracting /Users/noxus/GitHub/noxus-web/components/body/Hero.tsx
[2025-08-13 17:17:10] [build-stdout] Done extracting /Users/noxus/GitHub/noxus-web/components/body/Hero.tsx (6 ms)
[2025-08-13 17:17:10] [build-stdout] Extracting /Users/noxus/GitHub/noxus-web/components/body/Hows.tsx
[2025-08-13 17:17:10] [build-stdout] Done extracting /Users/noxus/GitHub/noxus-web/components/body/Hows.tsx (20 ms)
[2025-08-13 17:17:10] [build-stdout] Extracting /Users/noxus/GitHub/noxus-web/components/body/Portfolios.tsx
[2025-08-13 17:17:10] [build-stdout] Done extracting /Users/noxus/GitHub/noxus-web/components/body/Portfolios.tsx (4 ms)
[2025-08-13 17:17:10] [build-stdout] Extracting /Users/noxus/GitHub/noxus-web/components/body/Services.tsx
[2025-08-13 17:17:10] [build-stdout] Done extracting /Users/noxus/GitHub/noxus-web/components/body/Services.tsx (12 ms)
[2025-08-13 17:17:10] [build-stdout] Extracting /Users/noxus/GitHub/noxus-web/components/body/Whys.tsx
[2025-08-13 17:17:10] [build-stdout] Done extracting /Users/noxus/GitHub/noxus-web/components/body/Whys.tsx (19 ms)
[2025-08-13 17:17:10] [build-stdout] Extracting /Users/noxus/GitHub/noxus-web/components/footer/Contact.tsx
[2025-08-13 17:17:10] [build-stdout] Done extracting /Users/noxus/GitHub/noxus-web/components/footer/Contact.tsx (5 ms)
[2025-08-13 17:17:10] [build-stdout] Extracting /Users/noxus/GitHub/noxus-web/components/footer/Social.tsx
[2025-08-13 17:17:10] [build-stdout] Done extracting /Users/noxus/GitHub/noxus-web/components/footer/Social.tsx (4 ms)
[2025-08-13 17:17:10] [build-stdout] Extracting /Users/noxus/GitHub/noxus-web/components/header/Hamburger.tsx
[2025-08-13 17:17:10] [build-stdout] Done extracting /Users/noxus/GitHub/noxus-web/components/header/Hamburger.tsx (4 ms)
[2025-08-13 17:17:10] [build-stdout] Extracting /Users/noxus/GitHub/noxus-web/components/header/Navigation.tsx
[2025-08-13 17:17:10] [build-stdout] Done extracting /Users/noxus/GitHub/noxus-web/components/header/Navigation.tsx (7 ms)
[2025-08-13 17:17:10] [build-stdout] Extracting /Users/noxus/GitHub/noxus-web/components/header/Noxus.tsx
[2025-08-13 17:17:10] [build-stdout] Done extracting /Users/noxus/GitHub/noxus-web/components/header/Noxus.tsx (11 ms)
[2025-08-13 17:17:10] [build-stdout] Extracting /Users/noxus/GitHub/noxus-web/layouts/footer/index.tsx
[2025-08-13 17:17:10] [build-stdout] Done extracting /Users/noxus/GitHub/noxus-web/layouts/footer/index.tsx (4 ms)
[2025-08-13 17:17:10] [build-stdout] Extracting /Users/noxus/GitHub/noxus-web/layouts/header/index.tsx
[2025-08-13 17:17:10] [build-stdout] Done extracting /Users/noxus/GitHub/noxus-web/layouts/header/index.tsx (7 ms)
[2025-08-13 17:17:10] [build-stdout] Extracting /Users/noxus/GitHub/noxus-web/app/layout.tsx
[2025-08-13 17:17:10] [build-stdout] Done extracting /Users/noxus/GitHub/noxus-web/app/layout.tsx (4 ms)
[2025-08-13 17:17:10] [build-stdout] Extracting /Users/noxus/GitHub/noxus-web/app/page.tsx
[2025-08-13 17:17:10] [build-stdout] Done extracting /Users/noxus/GitHub/noxus-web/app/page.tsx (3 ms)
[2025-08-13 17:17:10] [build-stdout] Extracting /Users/noxus/GitHub/noxus-web/components/Capability.tsx
[2025-08-13 17:17:10] [build-stdout] Done extracting /Users/noxus/GitHub/noxus-web/components/Capability.tsx (35 ms)
[2025-08-13 17:17:10] [build-stdout] Extracting /Users/noxus/GitHub/noxus-web/components/Discussion.tsx
[2025-08-13 17:17:10] [build-stdout] Done extracting /Users/noxus/GitHub/noxus-web/components/Discussion.tsx (4 ms)
[2025-08-13 17:17:10] [build-stdout] Extracting /Users/noxus/GitHub/noxus-web/components/Faq.tsx
[2025-08-13 17:17:10] [build-stdout] Done extracting /Users/noxus/GitHub/noxus-web/components/Faq.tsx (10 ms)
[2025-08-13 17:17:10] [build-stdout] Extracting /Users/noxus/GitHub/noxus-web/components/Portfolio.tsx
[2025-08-13 17:17:10] [build-stdout] Done extracting /Users/noxus/GitHub/noxus-web/components/Portfolio.tsx (21 ms)
[2025-08-13 17:17:10] [build-stdout] Extracting /Users/noxus/GitHub/noxus-web/components/Stack.tsx
[2025-08-13 17:17:10] [build-stdout] Done extracting /Users/noxus/GitHub/noxus-web/components/Stack.tsx (15 ms)
[2025-08-13 17:17:10] [build-stdout] Extracting /Users/noxus/GitHub/noxus-web/components/Testimony.tsx
[2025-08-13 17:17:10] [build-stdout] Done extracting /Users/noxus/GitHub/noxus-web/components/Testimony.tsx (21 ms)
[2025-08-13 17:17:10] [build-stdout] Extracting /Users/noxus/GitHub/noxus-web/next-env.d.ts
[2025-08-13 17:17:10] [build-stdout] Done extracting /Users/noxus/GitHub/noxus-web/next-env.d.ts (1 ms)
[2025-08-13 17:17:10] [build-stdout] Extracting /Users/noxus/GitHub/noxus-web/next.config.ts
[2025-08-13 17:17:10] [build-stdout] Done extracting /Users/noxus/GitHub/noxus-web/next.config.ts (1 ms)
[2025-08-13 17:17:10] [build-stdout] Extracting /Users/noxus/GitHub/noxus-web/package.json
[2025-08-13 17:17:10] [build-stdout] Done extracting /Users/noxus/GitHub/noxus-web/package.json (2 ms)
[2025-08-13 17:17:10] [build-stdout] Extracting /Users/noxus/GitHub/noxus-web/postcss.config.mjs
[2025-08-13 17:17:10] [build-stdout] Done extracting /Users/noxus/GitHub/noxus-web/postcss.config.mjs (7 ms)
[2025-08-13 17:17:10] [build-stdout] Extracting /Users/noxus/GitHub/noxus-web/tailwind.config.js
[2025-08-13 17:17:10] [build-stdout] Done extracting /Users/noxus/GitHub/noxus-web/tailwind.config.js (1 ms)
[2025-08-13 17:17:10] [build-stdout] Extracting /Users/noxus/GitHub/noxus-web/tsconfig.json
[2025-08-13 17:17:10] [build-stdout] Done extracting /Users/noxus/GitHub/noxus-web/tsconfig.json (1 ms)
[2025-08-13 17:17:10] [build-stderr] No externs trap cache found
[2025-08-13 17:17:10] [build-stdout] Extracting /opt/homebrew/Caskroom/codeql/2.22.3/codeql/javascript/tools/data/externs/nodejs/constants.js
[2025-08-13 17:17:10] [build-stdout] Done extracting /opt/homebrew/Caskroom/codeql/2.22.3/codeql/javascript/tools/data/externs/nodejs/constants.js (77 ms)
[2025-08-13 17:17:10] [build-stdout] Extracting /opt/homebrew/Caskroom/codeql/2.22.3/codeql/javascript/tools/data/externs/nodejs/net.js
[2025-08-13 17:17:10] [build-stdout] Done extracting /opt/homebrew/Caskroom/codeql/2.22.3/codeql/javascript/tools/data/externs/nodejs/net.js (29 ms)
[2025-08-13 17:17:10] [build-stdout] Extracting /opt/homebrew/Caskroom/codeql/2.22.3/codeql/javascript/tools/data/externs/nodejs/globals.js
[2025-08-13 17:17:10] [build-stdout] Done extracting /opt/homebrew/Caskroom/codeql/2.22.3/codeql/javascript/tools/data/externs/nodejs/globals.js (81 ms)
[2025-08-13 17:17:10] [build-stdout] Extracting /opt/homebrew/Caskroom/codeql/2.22.3/codeql/javascript/tools/data/externs/nodejs/events.js
[2025-08-13 17:17:10] [build-stdout] Done extracting /opt/homebrew/Caskroom/codeql/2.22.3/codeql/javascript/tools/data/externs/nodejs/events.js (6 ms)
[2025-08-13 17:17:10] [build-stdout] Extracting /opt/homebrew/Caskroom/codeql/2.22.3/codeql/javascript/tools/data/externs/nodejs/repl.js
[2025-08-13 17:17:10] [build-stdout] Done extracting /opt/homebrew/Caskroom/codeql/2.22.3/codeql/javascript/tools/data/externs/nodejs/repl.js (5 ms)
[2025-08-13 17:17:10] [build-stdout] Extracting /opt/homebrew/Caskroom/codeql/2.22.3/codeql/javascript/tools/data/externs/nodejs/util.js
[2025-08-13 17:17:10] [build-stdout] Done extracting /opt/homebrew/Caskroom/codeql/2.22.3/codeql/javascript/tools/data/externs/nodejs/util.js (12 ms)
[2025-08-13 17:17:10] [build-stdout] Extracting /opt/homebrew/Caskroom/codeql/2.22.3/codeql/javascript/tools/data/externs/nodejs/dgram.js
[2025-08-13 17:17:10] [build-stdout] Done extracting /opt/homebrew/Caskroom/codeql/2.22.3/codeql/javascript/tools/data/externs/nodejs/dgram.js (9 ms)
[2025-08-13 17:17:10] [build-stdout] Extracting /opt/homebrew/Caskroom/codeql/2.22.3/codeql/javascript/tools/data/externs/nodejs/vm.js
[2025-08-13 17:17:10] [build-stdout] Done extracting /opt/homebrew/Caskroom/codeql/2.22.3/codeql/javascript/tools/data/externs/nodejs/vm.js (8 ms)
[2025-08-13 17:17:10] [build-stdout] Extracting /opt/homebrew/Caskroom/codeql/2.22.3/codeql/javascript/tools/data/externs/nodejs/stream.js
[2025-08-13 17:17:10] [build-stdout] Done extracting /opt/homebrew/Caskroom/codeql/2.22.3/codeql/javascript/tools/data/externs/nodejs/stream.js (35 ms)
[2025-08-13 17:17:10] [build-stdout] Extracting /opt/homebrew/Caskroom/codeql/2.22.3/codeql/javascript/tools/data/externs/nodejs/child_process.js
[2025-08-13 17:17:10] [build-stdout] Done extracting /opt/homebrew/Caskroom/codeql/2.22.3/codeql/javascript/tools/data/externs/nodejs/child_process.js (33 ms)
[2025-08-13 17:17:10] [build-stdout] Extracting /opt/homebrew/Caskroom/codeql/2.22.3/codeql/javascript/tools/data/externs/nodejs/assert.js
[2025-08-13 17:17:10] [build-stdout] Done extracting /opt/homebrew/Caskroom/codeql/2.22.3/codeql/javascript/tools/data/externs/nodejs/assert.js (7 ms)
[2025-08-13 17:17:10] [build-stdout] Extracting /opt/homebrew/Caskroom/codeql/2.22.3/codeql/javascript/tools/data/externs/nodejs/os.js
[2025-08-13 17:17:10] [build-stdout] Done extracting /opt/homebrew/Caskroom/codeql/2.22.3/codeql/javascript/tools/data/externs/nodejs/os.js (11 ms)
[2025-08-13 17:17:10] [build-stdout] Extracting /opt/homebrew/Caskroom/codeql/2.22.3/codeql/javascript/tools/data/externs/nodejs/console.js
[2025-08-13 17:17:10] [build-stdout] Done extracting /opt/homebrew/Caskroom/codeql/2.22.3/codeql/javascript/tools/data/externs/nodejs/console.js (1 ms)
[2025-08-13 17:17:10] [build-stdout] Extracting /opt/homebrew/Caskroom/codeql/2.22.3/codeql/javascript/tools/data/externs/nodejs/readline.js
[2025-08-13 17:17:10] [build-stdout] Done extracting /opt/homebrew/Caskroom/codeql/2.22.3/codeql/javascript/tools/data/externs/nodejs/readline.js (10 ms)
[2025-08-13 17:17:10] [build-stdout] Extracting /opt/homebrew/Caskroom/codeql/2.22.3/codeql/javascript/tools/data/externs/nodejs/punycode.js
[2025-08-13 17:17:10] [build-stdout] Done extracting /opt/homebrew/Caskroom/codeql/2.22.3/codeql/javascript/tools/data/externs/nodejs/punycode.js (4 ms)
[2025-08-13 17:17:10] [build-stdout] Extracting /opt/homebrew/Caskroom/codeql/2.22.3/codeql/javascript/tools/data/externs/nodejs/https.js
[2025-08-13 17:17:10] [build-stdout] Done extracting /opt/homebrew/Caskroom/codeql/2.22.3/codeql/javascript/tools/data/externs/nodejs/https.js (9 ms)
[2025-08-13 17:17:10] [build-stdout] Extracting /opt/homebrew/Caskroom/codeql/2.22.3/codeql/javascript/tools/data/externs/nodejs/domain.js
[2025-08-13 17:17:10] [build-stdout] Done extracting /opt/homebrew/Caskroom/codeql/2.22.3/codeql/javascript/tools/data/externs/nodejs/domain.js (4 ms)
[2025-08-13 17:17:10] [build-stdout] Extracting /opt/homebrew/Caskroom/codeql/2.22.3/codeql/javascript/tools/data/externs/nodejs/dns.js
[2025-08-13 17:17:10] [build-stdout] Done extracting /opt/homebrew/Caskroom/codeql/2.22.3/codeql/javascript/tools/data/externs/nodejs/dns.js (13 ms)
[2025-08-13 17:17:10] [build-stdout] Extracting /opt/homebrew/Caskroom/codeql/2.22.3/codeql/javascript/tools/data/externs/nodejs/assert_legacy.js
[2025-08-13 17:17:10] [build-stdout] Done extracting /opt/homebrew/Caskroom/codeql/2.22.3/codeql/javascript/tools/data/externs/nodejs/assert_legacy.js (1 ms)
[2025-08-13 17:17:10] [build-stdout] Extracting /opt/homebrew/Caskroom/codeql/2.22.3/codeql/javascript/tools/data/externs/nodejs/tty.js
[2025-08-13 17:17:10] [build-stdout] Done extracting /opt/homebrew/Caskroom/codeql/2.22.3/codeql/javascript/tools/data/externs/nodejs/tty.js (5 ms)
[2025-08-13 17:17:10] [build-stdout] Extracting /opt/homebrew/Caskroom/codeql/2.22.3/codeql/javascript/tools/data/externs/nodejs/timers.js
[2025-08-13 17:17:10] [build-stdout] Done extracting /opt/homebrew/Caskroom/codeql/2.22.3/codeql/javascript/tools/data/externs/nodejs/timers.js (5 ms)
[2025-08-13 17:17:10] [build-stdout] Extracting /opt/homebrew/Caskroom/codeql/2.22.3/codeql/javascript/tools/data/externs/nodejs/querystring.js
[2025-08-13 17:17:10] [build-stdout] Done extracting /opt/homebrew/Caskroom/codeql/2.22.3/codeql/javascript/tools/data/externs/nodejs/querystring.js (5 ms)
[2025-08-13 17:17:10] [build-stdout] Extracting /opt/homebrew/Caskroom/codeql/2.22.3/codeql/javascript/tools/data/externs/nodejs/module.js
[2025-08-13 17:17:10] [build-stdout] Done extracting /opt/homebrew/Caskroom/codeql/2.22.3/codeql/javascript/tools/data/externs/nodejs/module.js (4 ms)
[2025-08-13 17:17:10] [build-stdout] Extracting /opt/homebrew/Caskroom/codeql/2.22.3/codeql/javascript/tools/data/externs/nodejs/sys.js
[2025-08-13 17:17:10] [build-stdout] Done extracting /opt/homebrew/Caskroom/codeql/2.22.3/codeql/javascript/tools/data/externs/nodejs/sys.js (1 ms)
[2025-08-13 17:17:10] [build-stdout] Extracting /opt/homebrew/Caskroom/codeql/2.22.3/codeql/javascript/tools/data/externs/nodejs/path.js
[2025-08-13 17:17:10] [build-stdout] Done extracting /opt/homebrew/Caskroom/codeql/2.22.3/codeql/javascript/tools/data/externs/nodejs/path.js (13 ms)
[2025-08-13 17:17:10] [build-stdout] Extracting /opt/homebrew/Caskroom/codeql/2.22.3/codeql/javascript/tools/data/externs/nodejs/string_decoder.js
[2025-08-13 17:17:10] [build-stdout] Done extracting /opt/homebrew/Caskroom/codeql/2.22.3/codeql/javascript/tools/data/externs/nodejs/string_decoder.js (3 ms)
[2025-08-13 17:17:10] [build-stdout] Extracting /opt/homebrew/Caskroom/codeql/2.22.3/codeql/javascript/tools/data/externs/nodejs/cluster.js
[2025-08-13 17:17:10] [build-stdout] Done extracting /opt/homebrew/Caskroom/codeql/2.22.3/codeql/javascript/tools/data/externs/nodejs/cluster.js (41 ms)
[2025-08-13 17:17:10] [build-stdout] Extracting /opt/homebrew/Caskroom/codeql/2.22.3/codeql/javascript/tools/data/externs/nodejs/v8.js
[2025-08-13 17:17:10] [build-stdout] Done extracting /opt/homebrew/Caskroom/codeql/2.22.3/codeql/javascript/tools/data/externs/nodejs/v8.js (3 ms)
[2025-08-13 17:17:10] [build-stdout] Extracting /opt/homebrew/Caskroom/codeql/2.22.3/codeql/javascript/tools/data/externs/nodejs/crypto.js
[2025-08-13 17:17:10] [build-stdout] Done extracting /opt/homebrew/Caskroom/codeql/2.22.3/codeql/javascript/tools/data/externs/nodejs/crypto.js (36 ms)
[2025-08-13 17:17:10] [build-stdout] Extracting /opt/homebrew/Caskroom/codeql/2.22.3/codeql/javascript/tools/data/externs/nodejs/zlib.js
[2025-08-13 17:17:10] [build-stdout] Done extracting /opt/homebrew/Caskroom/codeql/2.22.3/codeql/javascript/tools/data/externs/nodejs/zlib.js (20 ms)
[2025-08-13 17:17:10] [build-stdout] Extracting /opt/homebrew/Caskroom/codeql/2.22.3/codeql/javascript/tools/data/externs/nodejs/url.js
[2025-08-13 17:17:10] [build-stdout] Done extracting /opt/homebrew/Caskroom/codeql/2.22.3/codeql/javascript/tools/data/externs/nodejs/url.js (4 ms)
[2025-08-13 17:17:10] [build-stdout] Extracting /opt/homebrew/Caskroom/codeql/2.22.3/codeql/javascript/tools/data/externs/nodejs/tls.js
[2025-08-13 17:17:10] [build-stdout] Done extracting /opt/homebrew/Caskroom/codeql/2.22.3/codeql/javascript/tools/data/externs/nodejs/tls.js (20 ms)
[2025-08-13 17:17:10] [build-stdout] Extracting /opt/homebrew/Caskroom/codeql/2.22.3/codeql/javascript/tools/data/externs/nodejs/process.js
[2025-08-13 17:17:10] [build-stdout] Done extracting /opt/homebrew/Caskroom/codeql/2.22.3/codeql/javascript/tools/data/externs/nodejs/process.js (1 ms)
[2025-08-13 17:17:10] [build-stdout] Extracting /opt/homebrew/Caskroom/codeql/2.22.3/codeql/javascript/tools/data/externs/nodejs/http.js
[2025-08-13 17:17:10] [build-stdout] Done extracting /opt/homebrew/Caskroom/codeql/2.22.3/codeql/javascript/tools/data/externs/nodejs/http.js (22 ms)
[2025-08-13 17:17:10] [build-stdout] Extracting /opt/homebrew/Caskroom/codeql/2.22.3/codeql/javascript/tools/data/externs/nodejs/buffer.js
[2025-08-13 17:17:10] [build-stdout] Done extracting /opt/homebrew/Caskroom/codeql/2.22.3/codeql/javascript/tools/data/externs/nodejs/buffer.js (5 ms)
[2025-08-13 17:17:10] [build-stdout] Extracting /opt/homebrew/Caskroom/codeql/2.22.3/codeql/javascript/tools/data/externs/nodejs/fs.js
[2025-08-13 17:17:11] [build-stdout] Done extracting /opt/homebrew/Caskroom/codeql/2.22.3/codeql/javascript/tools/data/externs/nodejs/fs.js (65 ms)
[2025-08-13 17:17:11] [build-stdout] Extracting /opt/homebrew/Caskroom/codeql/2.22.3/codeql/javascript/tools/data/externs/web/ie_dom.js
[2025-08-13 17:17:11] [build-stdout] Done extracting /opt/homebrew/Caskroom/codeql/2.22.3/codeql/javascript/tools/data/externs/web/ie_dom.js (35 ms)
[2025-08-13 17:17:11] [build-stdout] Extracting /opt/homebrew/Caskroom/codeql/2.22.3/codeql/javascript/tools/data/externs/web/mediasource.js
[2025-08-13 17:17:11] [build-stdout] Done extracting /opt/homebrew/Caskroom/codeql/2.22.3/codeql/javascript/tools/data/externs/web/mediasource.js (6 ms)
[2025-08-13 17:17:11] [build-stdout] Extracting /opt/homebrew/Caskroom/codeql/2.22.3/codeql/javascript/tools/data/externs/web/html5.js
[2025-08-13 17:17:11] [build-stdout] Done extracting /opt/homebrew/Caskroom/codeql/2.22.3/codeql/javascript/tools/data/externs/web/html5.js (116 ms)
[2025-08-13 17:17:11] [build-stdout] Extracting /opt/homebrew/Caskroom/codeql/2.22.3/codeql/javascript/tools/data/externs/web/w3c_anim_timing.js
[2025-08-13 17:17:11] [build-stdout] Done extracting /opt/homebrew/Caskroom/codeql/2.22.3/codeql/javascript/tools/data/externs/web/w3c_anim_timing.js (4 ms)
[2025-08-13 17:17:11] [build-stdout] Extracting /opt/homebrew/Caskroom/codeql/2.22.3/codeql/javascript/tools/data/externs/web/w3c_dom3.js
[2025-08-13 17:17:11] [build-stdout] Done extracting /opt/homebrew/Caskroom/codeql/2.22.3/codeql/javascript/tools/data/externs/web/w3c_dom3.js (21 ms)
[2025-08-13 17:17:11] [build-stdout] Extracting /opt/homebrew/Caskroom/codeql/2.22.3/codeql/javascript/tools/data/externs/web/fetchapi.js
[2025-08-13 17:17:11] [build-stdout] Done extracting /opt/homebrew/Caskroom/codeql/2.22.3/codeql/javascript/tools/data/externs/web/fetchapi.js (15 ms)
[2025-08-13 17:17:11] [build-stdout] Extracting /opt/homebrew/Caskroom/codeql/2.22.3/codeql/javascript/tools/data/externs/web/streamsapi.js
[2025-08-13 17:17:11] [build-stdout] Done extracting /opt/homebrew/Caskroom/codeql/2.22.3/codeql/javascript/tools/data/externs/web/streamsapi.js (14 ms)
[2025-08-13 17:17:11] [build-stdout] Extracting /opt/homebrew/Caskroom/codeql/2.22.3/codeql/javascript/tools/data/externs/web/fileapi.js
[2025-08-13 17:17:11] [build-stdout] Done extracting /opt/homebrew/Caskroom/codeql/2.22.3/codeql/javascript/tools/data/externs/web/fileapi.js (29 ms)
[2025-08-13 17:17:11] [build-stdout] Extracting /opt/homebrew/Caskroom/codeql/2.22.3/codeql/javascript/tools/data/externs/web/w3c_navigation_timing.js
[2025-08-13 17:17:11] [build-stdout] Done extracting /opt/homebrew/Caskroom/codeql/2.22.3/codeql/javascript/tools/data/externs/web/w3c_navigation_timing.js (10 ms)
[2025-08-13 17:17:11] [build-stdout] Extracting /opt/homebrew/Caskroom/codeql/2.22.3/codeql/javascript/tools/data/externs/web/w3c_range.js
[2025-08-13 17:17:11] [build-stdout] Done extracting /opt/homebrew/Caskroom/codeql/2.22.3/codeql/javascript/tools/data/externs/web/w3c_range.js (7 ms)
[2025-08-13 17:17:11] [build-stdout] Extracting /opt/homebrew/Caskroom/codeql/2.22.3/codeql/javascript/tools/data/externs/web/w3c_indexeddb.js
[2025-08-13 17:17:11] [build-stdout] Done extracting /opt/homebrew/Caskroom/codeql/2.22.3/codeql/javascript/tools/data/externs/web/w3c_indexeddb.js (23 ms)
[2025-08-13 17:17:11] [build-stdout] Extracting /opt/homebrew/Caskroom/codeql/2.22.3/codeql/javascript/tools/data/externs/web/w3c_dom2.js
[2025-08-13 17:17:11] [build-stdout] Done extracting /opt/homebrew/Caskroom/codeql/2.22.3/codeql/javascript/tools/data/externs/web/w3c_dom2.js (57 ms)
[2025-08-13 17:17:11] [build-stdout] Extracting /opt/homebrew/Caskroom/codeql/2.22.3/codeql/javascript/tools/data/externs/web/w3c_elementtraversal.js
[2025-08-13 17:17:11] [build-stdout] Done extracting /opt/homebrew/Caskroom/codeql/2.22.3/codeql/javascript/tools/data/externs/web/w3c_elementtraversal.js (3 ms)
[2025-08-13 17:17:11] [build-stdout] Extracting /opt/homebrew/Caskroom/codeql/2.22.3/codeql/javascript/tools/data/externs/web/w3c_webcrypto.js
[2025-08-13 17:17:11] [build-stdout] Done extracting /opt/homebrew/Caskroom/codeql/2.22.3/codeql/javascript/tools/data/externs/web/w3c_webcrypto.js (11 ms)
[2025-08-13 17:17:11] [build-stdout] Extracting /opt/homebrew/Caskroom/codeql/2.22.3/codeql/javascript/tools/data/externs/web/ie_vml.js
[2025-08-13 17:17:11] [build-stdout] Done extracting /opt/homebrew/Caskroom/codeql/2.22.3/codeql/javascript/tools/data/externs/web/ie_vml.js (2 ms)
[2025-08-13 17:17:11] [build-stdout] Extracting /opt/homebrew/Caskroom/codeql/2.22.3/codeql/javascript/tools/data/externs/web/intl.js
[2025-08-13 17:17:11] [build-stdout] Done extracting /opt/homebrew/Caskroom/codeql/2.22.3/codeql/javascript/tools/data/externs/web/intl.js (7 ms)
[2025-08-13 17:17:11] [build-stdout] Extracting /opt/homebrew/Caskroom/codeql/2.22.3/codeql/javascript/tools/data/externs/web/w3c_rtc.js
[2025-08-13 17:17:11] [build-stdout] Done extracting /opt/homebrew/Caskroom/codeql/2.22.3/codeql/javascript/tools/data/externs/web/w3c_rtc.js (58 ms)
[2025-08-13 17:17:11] [build-stdout] Extracting /opt/homebrew/Caskroom/codeql/2.22.3/codeql/javascript/tools/data/externs/web/w3c_requestidlecallback.js
[2025-08-13 17:17:11] [build-stdout] Done extracting /opt/homebrew/Caskroom/codeql/2.22.3/codeql/javascript/tools/data/externs/web/w3c_requestidlecallback.js (3 ms)
[2025-08-13 17:17:11] [build-stdout] Extracting /opt/homebrew/Caskroom/codeql/2.22.3/codeql/javascript/tools/data/externs/web/w3c_geolocation.js
[2025-08-13 17:17:11] [build-stdout] Done extracting /opt/homebrew/Caskroom/codeql/2.22.3/codeql/javascript/tools/data/externs/web/w3c_geolocation.js (4 ms)
[2025-08-13 17:17:11] [build-stdout] Extracting /opt/homebrew/Caskroom/codeql/2.22.3/codeql/javascript/tools/data/externs/web/webstorage.js
[2025-08-13 17:17:11] [build-stdout] Done extracting /opt/homebrew/Caskroom/codeql/2.22.3/codeql/javascript/tools/data/externs/web/webstorage.js (3 ms)
[2025-08-13 17:17:11] [build-stdout] Extracting /opt/homebrew/Caskroom/codeql/2.22.3/codeql/javascript/tools/data/externs/web/webkit_usercontent.js
[2025-08-13 17:17:11] [build-stdout] Done extracting /opt/homebrew/Caskroom/codeql/2.22.3/codeql/javascript/tools/data/externs/web/webkit_usercontent.js (2 ms)
[2025-08-13 17:17:11] [build-stdout] Extracting /opt/homebrew/Caskroom/codeql/2.22.3/codeql/javascript/tools/data/externs/web/window.js
[2025-08-13 17:17:11] [build-stdout] Done extracting /opt/homebrew/Caskroom/codeql/2.22.3/codeql/javascript/tools/data/externs/web/window.js (4 ms)
[2025-08-13 17:17:11] [build-stdout] Extracting /opt/homebrew/Caskroom/codeql/2.22.3/codeql/javascript/tools/data/externs/web/page_visibility.js
[2025-08-13 17:17:11] [build-stdout] Done extracting /opt/homebrew/Caskroom/codeql/2.22.3/codeql/javascript/tools/data/externs/web/page_visibility.js (1 ms)
[2025-08-13 17:17:11] [build-stdout] Extracting /opt/homebrew/Caskroom/codeql/2.22.3/codeql/javascript/tools/data/externs/web/webgl.js
[2025-08-13 17:17:11] [build-stdout] Done extracting /opt/homebrew/Caskroom/codeql/2.22.3/codeql/javascript/tools/data/externs/web/webgl.js (93 ms)
[2025-08-13 17:17:11] [build-stdout] Extracting /opt/homebrew/Caskroom/codeql/2.22.3/codeql/javascript/tools/data/externs/web/w3c_touch_event.js
[2025-08-13 17:17:11] [build-stdout] Done extracting /opt/homebrew/Caskroom/codeql/2.22.3/codeql/javascript/tools/data/externs/web/w3c_touch_event.js (7 ms)
[2025-08-13 17:17:11] [build-stdout] Extracting /opt/homebrew/Caskroom/codeql/2.22.3/codeql/javascript/tools/data/externs/web/w3c_event.js
[2025-08-13 17:17:11] [build-stdout] Done extracting /opt/homebrew/Caskroom/codeql/2.22.3/codeql/javascript/tools/data/externs/web/w3c_event.js (15 ms)
[2025-08-13 17:17:11] [build-stdout] Extracting /opt/homebrew/Caskroom/codeql/2.22.3/codeql/javascript/tools/data/externs/web/whatwg_encoding.js
[2025-08-13 17:17:11] [build-stdout] Done extracting /opt/homebrew/Caskroom/codeql/2.22.3/codeql/javascript/tools/data/externs/web/whatwg_encoding.js (2 ms)
[2025-08-13 17:17:11] [build-stdout] Extracting /opt/homebrew/Caskroom/codeql/2.22.3/codeql/javascript/tools/data/externs/web/w3c_event3.js
[2025-08-13 17:17:11] [build-stdout] Done extracting /opt/homebrew/Caskroom/codeql/2.22.3/codeql/javascript/tools/data/externs/web/w3c_event3.js (2 ms)
[2025-08-13 17:17:11] [build-stdout] Extracting /opt/homebrew/Caskroom/codeql/2.22.3/codeql/javascript/tools/data/externs/web/gecko_xml.js
[2025-08-13 17:17:11] [build-stdout] Done extracting /opt/homebrew/Caskroom/codeql/2.22.3/codeql/javascript/tools/data/externs/web/gecko_xml.js (2 ms)
[2025-08-13 17:17:11] [build-stdout] Extracting /opt/homebrew/Caskroom/codeql/2.22.3/codeql/javascript/tools/data/externs/web/ie_event.js
[2025-08-13 17:17:11] [build-stdout] Done extracting /opt/homebrew/Caskroom/codeql/2.22.3/codeql/javascript/tools/data/externs/web/ie_event.js (8 ms)
[2025-08-13 17:17:11] [build-stdout] Extracting /opt/homebrew/Caskroom/codeql/2.22.3/codeql/javascript/tools/data/externs/web/w3c_css.js
[2025-08-13 17:17:11] [build-stdout] Done extracting /opt/homebrew/Caskroom/codeql/2.22.3/codeql/javascript/tools/data/externs/web/w3c_css.js (55 ms)
[2025-08-13 17:17:11] [build-stdout] Extracting /opt/homebrew/Caskroom/codeql/2.22.3/codeql/javascript/tools/data/externs/web/ie_css.js
[2025-08-13 17:17:11] [build-stdout] Done extracting /opt/homebrew/Caskroom/codeql/2.22.3/codeql/javascript/tools/data/externs/web/ie_css.js (7 ms)
[2025-08-13 17:17:11] [build-stdout] Extracting /opt/homebrew/Caskroom/codeql/2.22.3/codeql/javascript/tools/data/externs/web/webkit_css.js
[2025-08-13 17:17:11] [build-stdout] Done extracting /opt/homebrew/Caskroom/codeql/2.22.3/codeql/javascript/tools/data/externs/web/webkit_css.js (36 ms)
[2025-08-13 17:17:11] [build-stdout] Extracting /opt/homebrew/Caskroom/codeql/2.22.3/codeql/javascript/tools/data/externs/web/w3c_xml.js
[2025-08-13 17:17:11] [build-stdout] Done extracting /opt/homebrew/Caskroom/codeql/2.22.3/codeql/javascript/tools/data/externs/web/w3c_xml.js (10 ms)
[2025-08-13 17:17:11] [build-stdout] Extracting /opt/homebrew/Caskroom/codeql/2.22.3/codeql/javascript/tools/data/externs/web/gecko_css.js
[2025-08-13 17:17:11] [build-stdout] Done extracting /opt/homebrew/Caskroom/codeql/2.22.3/codeql/javascript/tools/data/externs/web/gecko_css.js (8 ms)
[2025-08-13 17:17:11] [build-stdout] Extracting /opt/homebrew/Caskroom/codeql/2.22.3/codeql/javascript/tools/data/externs/web/iphone.js
[2025-08-13 17:17:11] [build-stdout] Done extracting /opt/homebrew/Caskroom/codeql/2.22.3/codeql/javascript/tools/data/externs/web/iphone.js (5 ms)
[2025-08-13 17:17:11] [build-stdout] Extracting /opt/homebrew/Caskroom/codeql/2.22.3/codeql/javascript/tools/data/externs/web/w3c_selectors.js
[2025-08-13 17:17:11] [build-stdout] Done extracting /opt/homebrew/Caskroom/codeql/2.22.3/codeql/javascript/tools/data/externs/web/w3c_selectors.js (3 ms)
[2025-08-13 17:17:11] [build-stdout] Extracting /opt/homebrew/Caskroom/codeql/2.22.3/codeql/javascript/tools/data/externs/web/chrome.js
[2025-08-13 17:17:11] [build-stdout] Done extracting /opt/homebrew/Caskroom/codeql/2.22.3/codeql/javascript/tools/data/externs/web/chrome.js (16 ms)
[2025-08-13 17:17:11] [build-stdout] Extracting /opt/homebrew/Caskroom/codeql/2.22.3/codeql/javascript/tools/data/externs/web/w3c_batterystatus.js
[2025-08-13 17:17:11] [build-stdout] Done extracting /opt/homebrew/Caskroom/codeql/2.22.3/codeql/javascript/tools/data/externs/web/w3c_batterystatus.js (2 ms)
[2025-08-13 17:17:11] [build-stdout] Extracting /opt/homebrew/Caskroom/codeql/2.22.3/codeql/javascript/tools/data/externs/web/webkit_notifications.js
[2025-08-13 17:17:11] [build-stdout] Done extracting /opt/homebrew/Caskroom/codeql/2.22.3/codeql/javascript/tools/data/externs/web/webkit_notifications.js (7 ms)
[2025-08-13 17:17:11] [build-stdout] Extracting /opt/homebrew/Caskroom/codeql/2.22.3/codeql/javascript/tools/data/externs/web/w3c_screen_orientation.js
[2025-08-13 17:17:11] [build-stdout] Done extracting /opt/homebrew/Caskroom/codeql/2.22.3/codeql/javascript/tools/data/externs/web/w3c_screen_orientation.js (2 ms)
[2025-08-13 17:17:11] [build-stdout] Extracting /opt/homebrew/Caskroom/codeql/2.22.3/codeql/javascript/tools/data/externs/web/w3c_midi.js
[2025-08-13 17:17:11] [build-stdout] Done extracting /opt/homebrew/Caskroom/codeql/2.22.3/codeql/javascript/tools/data/externs/web/w3c_midi.js (7 ms)
[2025-08-13 17:17:11] [build-stdout] Extracting /opt/homebrew/Caskroom/codeql/2.22.3/codeql/javascript/tools/data/externs/web/w3c_serviceworker.js
[2025-08-13 17:17:11] [build-stdout] Done extracting /opt/homebrew/Caskroom/codeql/2.22.3/codeql/javascript/tools/data/externs/web/w3c_serviceworker.js (17 ms)
[2025-08-13 17:17:11] [build-stdout] Extracting /opt/homebrew/Caskroom/codeql/2.22.3/codeql/javascript/tools/data/externs/web/w3c_device_sensor_event.js
[2025-08-13 17:17:11] [build-stdout] Done extracting /opt/homebrew/Caskroom/codeql/2.22.3/codeql/javascript/tools/data/externs/web/w3c_device_sensor_event.js (3 ms)
[2025-08-13 17:17:11] [build-stdout] Extracting /opt/homebrew/Caskroom/codeql/2.22.3/codeql/javascript/tools/data/externs/web/webkit_event.js
[2025-08-13 17:17:11] [build-stdout] Done extracting /opt/homebrew/Caskroom/codeql/2.22.3/codeql/javascript/tools/data/externs/web/webkit_event.js (1 ms)
[2025-08-13 17:17:11] [build-stdout] Extracting /opt/homebrew/Caskroom/codeql/2.22.3/codeql/javascript/tools/data/externs/web/w3c_permissions.js
[2025-08-13 17:17:11] [build-stdout] Done extracting /opt/homebrew/Caskroom/codeql/2.22.3/codeql/javascript/tools/data/externs/web/w3c_permissions.js (3 ms)
[2025-08-13 17:17:11] [build-stdout] Extracting /opt/homebrew/Caskroom/codeql/2.22.3/codeql/javascript/tools/data/externs/web/w3c_gamepad.js
[2025-08-13 17:17:11] [build-stdout] Done extracting /opt/homebrew/Caskroom/codeql/2.22.3/codeql/javascript/tools/data/externs/web/w3c_gamepad.js (2 ms)
[2025-08-13 17:17:11] [build-stdout] Extracting /opt/homebrew/Caskroom/codeql/2.22.3/codeql/javascript/tools/data/externs/web/w3c_dom1.js
[2025-08-13 17:17:11] [build-stdout] Done extracting /opt/homebrew/Caskroom/codeql/2.22.3/codeql/javascript/tools/data/externs/web/w3c_dom1.js (27 ms)
[2025-08-13 17:17:11] [build-stdout] Extracting /opt/homebrew/Caskroom/codeql/2.22.3/codeql/javascript/tools/data/externs/web/url.js
[2025-08-13 17:17:11] [build-stdout] Done extracting /opt/homebrew/Caskroom/codeql/2.22.3/codeql/javascript/tools/data/externs/web/url.js (4 ms)
[2025-08-13 17:17:11] [build-stdout] Extracting /opt/homebrew/Caskroom/codeql/2.22.3/codeql/javascript/tools/data/externs/web/gecko_event.js
[2025-08-13 17:17:11] [build-stdout] Done extracting /opt/homebrew/Caskroom/codeql/2.22.3/codeql/javascript/tools/data/externs/web/gecko_event.js (4 ms)
[2025-08-13 17:17:11] [build-stdout] Extracting /opt/homebrew/Caskroom/codeql/2.22.3/codeql/javascript/tools/data/externs/web/w3c_encoding.js
[2025-08-13 17:17:11] [build-stdout] Done extracting /opt/homebrew/Caskroom/codeql/2.22.3/codeql/javascript/tools/data/externs/web/w3c_encoding.js (2 ms)
[2025-08-13 17:17:11] [build-stdout] Extracting /opt/homebrew/Caskroom/codeql/2.22.3/codeql/javascript/tools/data/externs/web/flash.js
[2025-08-13 17:17:11] [build-stdout] Done extracting /opt/homebrew/Caskroom/codeql/2.22.3/codeql/javascript/tools/data/externs/web/flash.js (6 ms)
[2025-08-13 17:17:11] [build-stdout] Extracting /opt/homebrew/Caskroom/codeql/2.22.3/codeql/javascript/tools/data/externs/web/w3c_pointer_events.js
[2025-08-13 17:17:11] [build-stdout] Done extracting /opt/homebrew/Caskroom/codeql/2.22.3/codeql/javascript/tools/data/externs/web/w3c_pointer_events.js (3 ms)
[2025-08-13 17:17:11] [build-stdout] Extracting /opt/homebrew/Caskroom/codeql/2.22.3/codeql/javascript/tools/data/externs/web/gecko_ext.js
[2025-08-13 17:17:11] [build-stdout] Done extracting /opt/homebrew/Caskroom/codeql/2.22.3/codeql/javascript/tools/data/externs/web/gecko_ext.js (1 ms)
[2025-08-13 17:17:11] [build-stdout] Extracting /opt/homebrew/Caskroom/codeql/2.22.3/codeql/javascript/tools/data/externs/web/gecko_dom.js
[2025-08-13 17:17:11] [build-stdout] Done extracting /opt/homebrew/Caskroom/codeql/2.22.3/codeql/javascript/tools/data/externs/web/gecko_dom.js (22 ms)
[2025-08-13 17:17:11] [build-stdout] Extracting /opt/homebrew/Caskroom/codeql/2.22.3/codeql/javascript/tools/data/externs/web/webkit_dom.js
[2025-08-13 17:17:11] [build-stdout] Done extracting /opt/homebrew/Caskroom/codeql/2.22.3/codeql/javascript/tools/data/externs/web/webkit_dom.js (10 ms)
[2025-08-13 17:17:11] [build-stdout] Extracting /opt/homebrew/Caskroom/codeql/2.22.3/codeql/javascript/tools/data/externs/web/w3c_css3d.js
[2025-08-13 17:17:11] [build-stdout] Done extracting /opt/homebrew/Caskroom/codeql/2.22.3/codeql/javascript/tools/data/externs/web/w3c_css3d.js (5 ms)
[2025-08-13 17:17:11] [build-stdout] Extracting /opt/homebrew/Caskroom/codeql/2.22.3/codeql/javascript/tools/data/externs/web/w3c_dom4.js
[2025-08-13 17:17:11] [build-stdout] Done extracting /opt/homebrew/Caskroom/codeql/2.22.3/codeql/javascript/tools/data/externs/web/w3c_dom4.js (1 ms)
[2025-08-13 17:17:11] [build-stdout] Extracting /opt/homebrew/Caskroom/codeql/2.22.3/codeql/javascript/tools/data/externs/vm/rhino.js
[2025-08-13 17:17:11] [build-stdout] Done extracting /opt/homebrew/Caskroom/codeql/2.22.3/codeql/javascript/tools/data/externs/vm/rhino.js (3 ms)
[2025-08-13 17:17:11] [build-stdout] Extracting /opt/homebrew/Caskroom/codeql/2.22.3/codeql/javascript/tools/data/externs/vm/v8.js
[2025-08-13 17:17:11] [build-stdout] Done extracting /opt/homebrew/Caskroom/codeql/2.22.3/codeql/javascript/tools/data/externs/vm/v8.js (3 ms)
[2025-08-13 17:17:11] [build-stdout] Extracting /opt/homebrew/Caskroom/codeql/2.22.3/codeql/javascript/tools/data/externs/vm/spidermonkey.js
[2025-08-13 17:17:11] [build-stdout] Done extracting /opt/homebrew/Caskroom/codeql/2.22.3/codeql/javascript/tools/data/externs/vm/spidermonkey.js (1 ms)
[2025-08-13 17:17:11] [build-stdout] Extracting /opt/homebrew/Caskroom/codeql/2.22.3/codeql/javascript/tools/data/externs/vm/jsshell.js
[2025-08-13 17:17:11] [build-stdout] Done extracting /opt/homebrew/Caskroom/codeql/2.22.3/codeql/javascript/tools/data/externs/vm/jsshell.js (19 ms)
[2025-08-13 17:17:11] [build-stdout] Extracting /opt/homebrew/Caskroom/codeql/2.22.3/codeql/javascript/tools/data/externs/lib/jquery-3.2.js
[2025-08-13 17:17:11] [build-stdout] Done extracting /opt/homebrew/Caskroom/codeql/2.22.3/codeql/javascript/tools/data/externs/lib/jquery-3.2.js (79 ms)
[2025-08-13 17:17:11] [build-stdout] Extracting /opt/homebrew/Caskroom/codeql/2.22.3/codeql/javascript/tools/data/externs/lib/bdd.js
[2025-08-13 17:17:11] [build-stdout] Done extracting /opt/homebrew/Caskroom/codeql/2.22.3/codeql/javascript/tools/data/externs/lib/bdd.js (4 ms)
[2025-08-13 17:17:11] [build-stdout] Extracting /opt/homebrew/Caskroom/codeql/2.22.3/codeql/javascript/tools/data/externs/lib/should.js
[2025-08-13 17:17:11] [build-stdout] Done extracting /opt/homebrew/Caskroom/codeql/2.22.3/codeql/javascript/tools/data/externs/lib/should.js (9 ms)
[2025-08-13 17:17:11] [build-stdout] Extracting /opt/homebrew/Caskroom/codeql/2.22.3/codeql/javascript/tools/data/externs/lib/vows.js
[2025-08-13 17:17:12] [build-stdout] Done extracting /opt/homebrew/Caskroom/codeql/2.22.3/codeql/javascript/tools/data/externs/lib/vows.js (9 ms)
[2025-08-13 17:17:12] [build-stdout] Extracting /opt/homebrew/Caskroom/codeql/2.22.3/codeql/javascript/tools/data/externs/es/proxy.js
[2025-08-13 17:17:12] [build-stdout] Done extracting /opt/homebrew/Caskroom/codeql/2.22.3/codeql/javascript/tools/data/externs/es/proxy.js (1 ms)
[2025-08-13 17:17:12] [build-stdout] Extracting /opt/homebrew/Caskroom/codeql/2.22.3/codeql/javascript/tools/data/externs/es/es5.js
[2025-08-13 17:17:12] [build-stdout] Done extracting /opt/homebrew/Caskroom/codeql/2.22.3/codeql/javascript/tools/data/externs/es/es5.js (7 ms)
[2025-08-13 17:17:12] [build-stdout] Extracting /opt/homebrew/Caskroom/codeql/2.22.3/codeql/javascript/tools/data/externs/es/intl.js
[2025-08-13 17:17:12] [build-stdout] Done extracting /opt/homebrew/Caskroom/codeql/2.22.3/codeql/javascript/tools/data/externs/es/intl.js (6 ms)
[2025-08-13 17:17:12] [build-stdout] Extracting /opt/homebrew/Caskroom/codeql/2.22.3/codeql/javascript/tools/data/externs/es/es6_collections.js
[2025-08-13 17:17:12] [build-stdout] Done extracting /opt/homebrew/Caskroom/codeql/2.22.3/codeql/javascript/tools/data/externs/es/es6_collections.js (6 ms)
[2025-08-13 17:17:12] [build-stdout] Extracting /opt/homebrew/Caskroom/codeql/2.22.3/codeql/javascript/tools/data/externs/es/es6.js
[2025-08-13 17:17:12] [build-stdout] Done extracting /opt/homebrew/Caskroom/codeql/2.22.3/codeql/javascript/tools/data/externs/es/es6.js (39 ms)
[2025-08-13 17:17:12] [build-stdout] Extracting /opt/homebrew/Caskroom/codeql/2.22.3/codeql/javascript/tools/data/externs/es/es2017.js
[2025-08-13 17:17:12] [build-stdout] Done extracting /opt/homebrew/Caskroom/codeql/2.22.3/codeql/javascript/tools/data/externs/es/es2017.js (2 ms)
[2025-08-13 17:17:12] [build-stdout] Extracting /opt/homebrew/Caskroom/codeql/2.22.3/codeql/javascript/tools/data/externs/es/es3.js
[2025-08-13 17:17:12] [build-stdout] Done extracting /opt/homebrew/Caskroom/codeql/2.22.3/codeql/javascript/tools/data/externs/es/es3.js (53 ms)
[2025-08-13 17:17:12] [build-stdout] Extracting /opt/homebrew/Caskroom/codeql/2.22.3/codeql/javascript/tools/data/externs/es/es2016.js
[2025-08-13 17:17:12] [build-stdout] Done extracting /opt/homebrew/Caskroom/codeql/2.22.3/codeql/javascript/tools/data/externs/es/es2016.js (1 ms)
[2025-08-13 17:17:12] Plumbing command codeql database trace-command completed.
[2025-08-13 17:17:12] [PROGRESS] database create> Finalizing database at /Users/noxus/GitHub/noxus-web/CodeQL.
[2025-08-13 17:17:12] Running plumbing command: codeql database finalize --no-db-cluster -- /Users/noxus/GitHub/noxus-web/CodeQL
[2025-08-13 17:17:12] [PROGRESS] database finalize> Running TRAP import for CodeQL database at /Users/noxus/GitHub/noxus-web/CodeQL...
[2025-08-13 17:17:12] Running plumbing command: codeql dataset import --dbscheme=/opt/homebrew/Caskroom/codeql/2.22.3/codeql/javascript/semmlecode.javascript.dbscheme -- /Users/noxus/GitHub/noxus-web/CodeQL/db-javascript /Users/noxus/GitHub/noxus-web/CodeQL/trap/javascript
[2025-08-13 17:17:12] Clearing disk cache since the version file /Users/noxus/GitHub/noxus-web/CodeQL/db-javascript/default/cache/version does not exist
[2025-08-13 17:17:12] Tuple pool not found. Clearing relations with cached strings
[2025-08-13 17:17:12] Trimming disk cache at /Users/noxus/GitHub/noxus-web/CodeQL/db-javascript/default/cache in mode clear.
[2025-08-13 17:17:12] Sequence stamp origin is -6015873794723402599
[2025-08-13 17:17:12] Pausing evaluation to hard-clear memory at sequence stamp o+0
[2025-08-13 17:17:12] Unpausing evaluation
[2025-08-13 17:17:12] Pausing evaluation to quickly trim disk at sequence stamp o+1
[2025-08-13 17:17:12] Unpausing evaluation
[2025-08-13 17:17:12] Pausing evaluation to zealously trim disk at sequence stamp o+2
[2025-08-13 17:17:12] Unpausing evaluation
[2025-08-13 17:17:12] Trimming completed (7ms): Purged everything.
[2025-08-13 17:17:12] Scanning for files in /Users/noxus/GitHub/noxus-web/CodeQL/trap/javascript
[2025-08-13 17:17:12] Found 148 TRAP files (9.21 MiB)
[2025-08-13 17:17:12] [PROGRESS] dataset import> Importing TRAP files
[2025-08-13 17:17:12] Importing layout.tsx.trap.gz (1 of 148)
[2025-08-13 17:17:12] Importing page.tsx.trap.gz (2 of 148)
[2025-08-13 17:17:12] Importing page.tsx.trap.gz (3 of 148)
[2025-08-13 17:17:12] Importing page.tsx.trap.gz (4 of 148)
[2025-08-13 17:17:12] Importing Capability.tsx.trap.gz (5 of 148)
[2025-08-13 17:17:12] Importing Discussion.tsx.trap.gz (6 of 148)
[2025-08-13 17:17:12] Importing Faq.tsx.trap.gz (7 of 148)
[2025-08-13 17:17:12] Importing Portfolio.tsx.trap.gz (8 of 148)
[2025-08-13 17:17:12] Importing Stack.tsx.trap.gz (9 of 148)
[2025-08-13 17:17:12] Importing Testimony.tsx.trap.gz (10 of 148)
[2025-08-13 17:17:12] Importing ArrowIcon.tsx.trap.gz (11 of 148)
[2025-08-13 17:17:12] Importing Button.tsx.trap.gz (12 of 148)
[2025-08-13 17:17:12] Importing Frame.tsx.trap.gz (13 of 148)
[2025-08-13 17:17:12] Importing HeroOne.tsx.trap.gz (14 of 148)
[2025-08-13 17:17:12] Importing HeroService.tsx.trap.gz (15 of 148)
[2025-08-13 17:17:12] Importing Articles.tsx.trap.gz (16 of 148)
[2025-08-13 17:17:12] Importing Clients.tsx.trap.gz (17 of 148)
[2025-08-13 17:17:12] Importing Discuss.tsx.trap.gz (18 of 148)
[2025-08-13 17:17:12] Importing Experience.tsx.trap.gz (19 of 148)
[2025-08-13 17:17:12] Importing Hero.tsx.trap.gz (20 of 148)
[2025-08-13 17:17:12] Importing Hows.tsx.trap.gz (21 of 148)
[2025-08-13 17:17:12] Importing Portfolios.tsx.trap.gz (22 of 148)
[2025-08-13 17:17:12] Importing Services.tsx.trap.gz (23 of 148)
[2025-08-13 17:17:12] Importing Whys.tsx.trap.gz (24 of 148)
[2025-08-13 17:17:12] Importing Contact.tsx.trap.gz (25 of 148)
[2025-08-13 17:17:12] Importing Social.tsx.trap.gz (26 of 148)
[2025-08-13 17:17:12] Importing Hamburger.tsx.trap.gz (27 of 148)
[2025-08-13 17:17:12] Importing Navigation.tsx.trap.gz (28 of 148)
[2025-08-13 17:17:12] Importing Noxus.tsx.trap.gz (29 of 148)
[2025-08-13 17:17:12] Importing index.tsx.trap.gz (30 of 148)
[2025-08-13 17:17:12] Importing index.tsx.trap.gz (31 of 148)
[2025-08-13 17:17:12] Importing next-env.d.ts.trap.gz (32 of 148)
[2025-08-13 17:17:12] Importing next.config.ts.trap.gz (33 of 148)
[2025-08-13 17:17:12] Importing package.json.trap.gz (34 of 148)
[2025-08-13 17:17:12] Importing postcss.config.mjs.trap.gz (35 of 148)
[2025-08-13 17:17:12] Importing tailwind.config.js.trap.gz (36 of 148)
[2025-08-13 17:17:12] Importing tsconfig.json.trap.gz (37 of 148)
[2025-08-13 17:17:12] Importing metadata.trap.gz (38 of 148)
[2025-08-13 17:17:12] Importing es2016.js.trap.gz (39 of 148)
[2025-08-13 17:17:12] Importing es2017.js.trap.gz (40 of 148)
[2025-08-13 17:17:12] Importing es3.js.trap.gz (41 of 148)
[2025-08-13 17:17:12] Importing es5.js.trap.gz (42 of 148)
[2025-08-13 17:17:12] Importing es6.js.trap.gz (43 of 148)
[2025-08-13 17:17:12] Importing es6_collections.js.trap.gz (44 of 148)
[2025-08-13 17:17:12] Importing intl.js.trap.gz (45 of 148)
[2025-08-13 17:17:12] Importing proxy.js.trap.gz (46 of 148)
[2025-08-13 17:17:12] Importing bdd.js.trap.gz (47 of 148)
[2025-08-13 17:17:12] Importing jquery-3.2.js.trap.gz (48 of 148)
[2025-08-13 17:17:12] Importing should.js.trap.gz (49 of 148)
[2025-08-13 17:17:12] Importing vows.js.trap.gz (50 of 148)
[2025-08-13 17:17:12] Importing assert.js.trap.gz (51 of 148)
[2025-08-13 17:17:12] Importing assert_legacy.js.trap.gz (52 of 148)
[2025-08-13 17:17:12] Importing buffer.js.trap.gz (53 of 148)
[2025-08-13 17:17:12] Importing child_process.js.trap.gz (54 of 148)
[2025-08-13 17:17:12] Importing cluster.js.trap.gz (55 of 148)
[2025-08-13 17:17:12] Importing console.js.trap.gz (56 of 148)
[2025-08-13 17:17:12] Importing constants.js.trap.gz (57 of 148)
[2025-08-13 17:17:12] Importing crypto.js.trap.gz (58 of 148)
[2025-08-13 17:17:12] Importing dgram.js.trap.gz (59 of 148)
[2025-08-13 17:17:12] Importing dns.js.trap.gz (60 of 148)
[2025-08-13 17:17:12] Importing domain.js.trap.gz (61 of 148)
[2025-08-13 17:17:12] Importing events.js.trap.gz (62 of 148)
[2025-08-13 17:17:12] Importing fs.js.trap.gz (63 of 148)
[2025-08-13 17:17:12] Importing globals.js.trap.gz (64 of 148)
[2025-08-13 17:17:12] Importing http.js.trap.gz (65 of 148)
[2025-08-13 17:17:12] Importing https.js.trap.gz (66 of 148)
[2025-08-13 17:17:12] Importing module.js.trap.gz (67 of 148)
[2025-08-13 17:17:12] Importing net.js.trap.gz (68 of 148)
[2025-08-13 17:17:12] Importing os.js.trap.gz (69 of 148)
[2025-08-13 17:17:12] Importing path.js.trap.gz (70 of 148)
[2025-08-13 17:17:12] Importing process.js.trap.gz (71 of 148)
[2025-08-13 17:17:12] Importing punycode.js.trap.gz (72 of 148)
[2025-08-13 17:17:12] Importing querystring.js.trap.gz (73 of 148)
[2025-08-13 17:17:12] Importing readline.js.trap.gz (74 of 148)
[2025-08-13 17:17:12] Importing repl.js.trap.gz (75 of 148)
[2025-08-13 17:17:12] Importing stream.js.trap.gz (76 of 148)
[2025-08-13 17:17:12] Importing string_decoder.js.trap.gz (77 of 148)
[2025-08-13 17:17:12] Importing sys.js.trap.gz (78 of 148)
[2025-08-13 17:17:12] Importing timers.js.trap.gz (79 of 148)
[2025-08-13 17:17:12] Importing tls.js.trap.gz (80 of 148)
[2025-08-13 17:17:12] Importing tty.js.trap.gz (81 of 148)
[2025-08-13 17:17:12] Importing url.js.trap.gz (82 of 148)
[2025-08-13 17:17:12] Importing util.js.trap.gz (83 of 148)
[2025-08-13 17:17:12] Importing v8.js.trap.gz (84 of 148)
[2025-08-13 17:17:12] Importing vm.js.trap.gz (85 of 148)
[2025-08-13 17:17:12] Importing zlib.js.trap.gz (86 of 148)
[2025-08-13 17:17:12] Importing jsshell.js.trap.gz (87 of 148)
[2025-08-13 17:17:12] Importing rhino.js.trap.gz (88 of 148)
[2025-08-13 17:17:12] Importing spidermonkey.js.trap.gz (89 of 148)
[2025-08-13 17:17:12] Importing v8.js.trap.gz (90 of 148)
[2025-08-13 17:17:12] Importing chrome.js.trap.gz (91 of 148)
[2025-08-13 17:17:12] Importing fetchapi.js.trap.gz (92 of 148)
[2025-08-13 17:17:12] Importing fileapi.js.trap.gz (93 of 148)
[2025-08-13 17:17:12] Importing flash.js.trap.gz (94 of 148)
[2025-08-13 17:17:13] Importing gecko_css.js.trap.gz (95 of 148)
[2025-08-13 17:17:13] Importing gecko_dom.js.trap.gz (96 of 148)
[2025-08-13 17:17:13] Importing gecko_event.js.trap.gz (97 of 148)
[2025-08-13 17:17:13] Importing gecko_ext.js.trap.gz (98 of 148)
[2025-08-13 17:17:13] Importing gecko_xml.js.trap.gz (99 of 148)
[2025-08-13 17:17:13] Importing html5.js.trap.gz (100 of 148)
[2025-08-13 17:17:13] Importing ie_css.js.trap.gz (101 of 148)
[2025-08-13 17:17:13] Importing ie_dom.js.trap.gz (102 of 148)
[2025-08-13 17:17:13] Importing ie_event.js.trap.gz (103 of 148)
[2025-08-13 17:17:13] Importing ie_vml.js.trap.gz (104 of 148)
[2025-08-13 17:17:13] Importing intl.js.trap.gz (105 of 148)
[2025-08-13 17:17:13] Importing iphone.js.trap.gz (106 of 148)
[2025-08-13 17:17:13] Importing mediasource.js.trap.gz (107 of 148)
[2025-08-13 17:17:13] Importing page_visibility.js.trap.gz (108 of 148)
[2025-08-13 17:17:13] Importing streamsapi.js.trap.gz (109 of 148)
[2025-08-13 17:17:13] Importing url.js.trap.gz (110 of 148)
[2025-08-13 17:17:13] Importing w3c_anim_timing.js.trap.gz (111 of 148)
[2025-08-13 17:17:13] Importing w3c_batterystatus.js.trap.gz (112 of 148)
[2025-08-13 17:17:13] Importing w3c_css.js.trap.gz (113 of 148)
[2025-08-13 17:17:13] Importing w3c_css3d.js.trap.gz (114 of 148)
[2025-08-13 17:17:13] Importing w3c_device_sensor_event.js.trap.gz (115 of 148)
[2025-08-13 17:17:13] Importing w3c_dom1.js.trap.gz (116 of 148)
[2025-08-13 17:17:13] Importing w3c_dom2.js.trap.gz (117 of 148)
[2025-08-13 17:17:13] Importing w3c_dom3.js.trap.gz (118 of 148)
[2025-08-13 17:17:13] Importing w3c_dom4.js.trap.gz (119 of 148)
[2025-08-13 17:17:13] Importing w3c_elementtraversal.js.trap.gz (120 of 148)
[2025-08-13 17:17:13] Importing w3c_encoding.js.trap.gz (121 of 148)
[2025-08-13 17:17:13] Importing w3c_event.js.trap.gz (122 of 148)
[2025-08-13 17:17:13] Importing w3c_event3.js.trap.gz (123 of 148)
[2025-08-13 17:17:13] Importing w3c_gamepad.js.trap.gz (124 of 148)
[2025-08-13 17:17:13] Importing w3c_geolocation.js.trap.gz (125 of 148)
[2025-08-13 17:17:13] Importing w3c_indexeddb.js.trap.gz (126 of 148)
[2025-08-13 17:17:13] Importing w3c_midi.js.trap.gz (127 of 148)
[2025-08-13 17:17:13] Importing w3c_navigation_timing.js.trap.gz (128 of 148)
[2025-08-13 17:17:13] Importing w3c_permissions.js.trap.gz (129 of 148)
[2025-08-13 17:17:13] Importing w3c_pointer_events.js.trap.gz (130 of 148)
[2025-08-13 17:17:13] Importing w3c_range.js.trap.gz (131 of 148)
[2025-08-13 17:17:13] Importing w3c_requestidlecallback.js.trap.gz (132 of 148)
[2025-08-13 17:17:13] Importing w3c_rtc.js.trap.gz (133 of 148)
[2025-08-13 17:17:13] Importing w3c_screen_orientation.js.trap.gz (134 of 148)
[2025-08-13 17:17:13] Importing w3c_selectors.js.trap.gz (135 of 148)
[2025-08-13 17:17:13] Importing w3c_serviceworker.js.trap.gz (136 of 148)
[2025-08-13 17:17:13] Importing w3c_touch_event.js.trap.gz (137 of 148)
[2025-08-13 17:17:13] Importing w3c_webcrypto.js.trap.gz (138 of 148)
[2025-08-13 17:17:13] Importing w3c_xml.js.trap.gz (139 of 148)
[2025-08-13 17:17:13] Importing webgl.js.trap.gz (140 of 148)
[2025-08-13 17:17:13] Importing webkit_css.js.trap.gz (141 of 148)
[2025-08-13 17:17:13] Importing webkit_dom.js.trap.gz (142 of 148)
[2025-08-13 17:17:13] Importing webkit_event.js.trap.gz (143 of 148)
[2025-08-13 17:17:13] Importing webkit_notifications.js.trap.gz (144 of 148)
[2025-08-13 17:17:13] Importing webkit_usercontent.js.trap.gz (145 of 148)
[2025-08-13 17:17:13] Importing webstorage.js.trap.gz (146 of 148)
[2025-08-13 17:17:13] Importing whatwg_encoding.js.trap.gz (147 of 148)
[2025-08-13 17:17:13] Importing window.js.trap.gz (148 of 148)
[2025-08-13 17:17:13] [PROGRESS] dataset import> Merging relations
[2025-08-13 17:17:13] Merging 1 fragment for 'files'.
[2025-08-13 17:17:13] Merged 540 bytes for 'files'.
[2025-08-13 17:17:13] Merging 1 fragment for 'folders'.
[2025-08-13 17:17:13] Merged 114 bytes for 'folders'.
[2025-08-13 17:17:13] Merging 1 fragment for 'containerparent'.
[2025-08-13 17:17:13] Merged 447 bytes for 'containerparent'.
[2025-08-13 17:17:13] Merging 3 fragments for 'locations_default'.
[2025-08-13 17:17:13] Merged 909949 bytes (888.62 KiB) for 'locations_default'.
[2025-08-13 17:17:13] Merging 3 fragments for 'hasLocation'.
[2025-08-13 17:17:13] Merged 574690 bytes (561.22 KiB) for 'hasLocation'.
[2025-08-13 17:17:13] Merging 1 fragment for 'extraction_data'.
[2025-08-13 17:17:13] Merged 660 bytes for 'extraction_data'.
[2025-08-13 17:17:13] Merging 1 fragment for 'scopes'.
[2025-08-13 17:17:13] Merged 4427 bytes (4.32 KiB) for 'scopes'.
[2025-08-13 17:17:13] Merging 1 fragment for 'indentation'.
[2025-08-13 17:17:13] Merged 32081 bytes (31.33 KiB) for 'indentation'.
[2025-08-13 17:17:13] Merging 1 fragment for 'numlines'.
[2025-08-13 17:17:13] Merged 1970 bytes (1.92 KiB) for 'numlines'.
[2025-08-13 17:17:13] Merging 2 fragments for 'tokeninfo'.
[2025-08-13 17:17:13] Merged 517434 bytes (505.31 KiB) for 'tokeninfo'.
[2025-08-13 17:17:13] Merging 1 fragment for 'toplevels'.
[2025-08-13 17:17:13] Merged 298 bytes for 'toplevels'.
[2025-08-13 17:17:13] Merging 1 fragment for 'scopenodes'.
[2025-08-13 17:17:13] Merged 8752 bytes (8.55 KiB) for 'scopenodes'.
[2025-08-13 17:17:13] Merging 1 fragment for 'scopenesting'.
[2025-08-13 17:17:13] Merged 4750 bytes (4.64 KiB) for 'scopenesting'.
[2025-08-13 17:17:13] Merging 1 fragment for 'is_module'.
[2025-08-13 17:17:13] Merged 150 bytes for 'is_module'.
[2025-08-13 17:17:13] Merging 1 fragment for 'is_es2015_module'.
[2025-08-13 17:17:13] Merged 79 bytes for 'is_es2015_module'.
[2025-08-13 17:17:13] Merging 1 fragment for 'variables'.
[2025-08-13 17:17:13] Merged 42199 bytes (41.21 KiB) for 'variables'.
[2025-08-13 17:17:13] Merging 1 fragment for 'local_type_names'.
[2025-08-13 17:17:13] Merged 395 bytes for 'local_type_names'.
[2025-08-13 17:17:13] Merging 1 fragment for 'local_namespace_names'.
[2025-08-13 17:17:13] Merged 334 bytes for 'local_namespace_names'.
[2025-08-13 17:17:13] Merging 1 fragment for 'stmts'.
[2025-08-13 17:17:13] Merged 105262 bytes (102.79 KiB) for 'stmts'.
[2025-08-13 17:17:13] Merging 1 fragment for 'stmt_containers'.
[2025-08-13 17:17:13] Merged 47700 bytes (46.58 KiB) for 'stmt_containers'.
[2025-08-13 17:17:13] Merging 1 fragment for 'exprs'.
[2025-08-13 17:17:13] Merged 449620 bytes (439.08 KiB) for 'exprs'.
[2025-08-13 17:17:13] Merging 1 fragment for 'enclosing_stmt'.
[2025-08-13 17:17:13] Merged 89255 bytes (87.16 KiB) for 'enclosing_stmt'.
[2025-08-13 17:17:13] Merging 1 fragment for 'expr_containers'.
[2025-08-13 17:17:13] Merged 98867 bytes (96.55 KiB) for 'expr_containers'.
[2025-08-13 17:17:13] Merging 1 fragment for 'literals'.
[2025-08-13 17:17:13] Merged 81033 bytes (79.13 KiB) for 'literals'.
[2025-08-13 17:17:13] Merging 1 fragment for 'regexpterm'.
[2025-08-13 17:17:13] Merged 33553 bytes (32.77 KiB) for 'regexpterm'.
[2025-08-13 17:17:13] Merging 1 fragment for 'regexp_const_value'.
[2025-08-13 17:17:13] Merged 15503 bytes (15.14 KiB) for 'regexp_const_value'.
[2025-08-13 17:17:13] Merging 1 fragment for 'typedecl'.
[2025-08-13 17:17:13] Merged 277 bytes for 'typedecl'.
[2025-08-13 17:17:13] Merging 1 fragment for 'namespacedecl'.
[2025-08-13 17:17:13] Merged 231 bytes for 'namespacedecl'.
[2025-08-13 17:17:13] Merging 1 fragment for 'has_type_keyword'.
[2025-08-13 17:17:13] Merged 27 bytes for 'has_type_keyword'.
[2025-08-13 17:17:13] Merging 1 fragment for 'decl'.
[2025-08-13 17:17:13] Merged 14013 bytes (13.68 KiB) for 'decl'.
[2025-08-13 17:17:13] Merging 1 fragment for 'bind'.
[2025-08-13 17:17:13] Merged 15718 bytes (15.35 KiB) for 'bind'.
[2025-08-13 17:17:13] Merging 1 fragment for 'properties'.
[2025-08-13 17:17:13] Merged 5359 bytes (5.23 KiB) for 'properties'.
[2025-08-13 17:17:13] Merging 1 fragment for 'array_size'.
[2025-08-13 17:17:13] Merged 118 bytes for 'array_size'.
[2025-08-13 17:17:13] Merging 1 fragment for 'typeexprs'.
[2025-08-13 17:17:13] Merged 1192 bytes (1.16 KiB) for 'typeexprs'.
[2025-08-13 17:17:13] Merging 1 fragment for 'typebind'.
[2025-08-13 17:17:13] Merged 141 bytes for 'typebind'.
[2025-08-13 17:17:13] Merging 1 fragment for 'is_arguments_object'.
[2025-08-13 17:17:13] Merged 4015 bytes (3.92 KiB) for 'is_arguments_object'.
[2025-08-13 17:17:13] Merging 1 fragment for 'is_abstract_member'.
[2025-08-13 17:17:13] Merged 122 bytes for 'is_abstract_member'.
[2025-08-13 17:17:13] Merging 1 fragment for 'entry_cfg_node'.
[2025-08-13 17:17:13] Merged 9322 bytes (9.10 KiB) for 'entry_cfg_node'.
[2025-08-13 17:17:13] Merging 1 fragment for 'exit_cfg_node'.
[2025-08-13 17:17:13] Merged 9322 bytes (9.10 KiB) for 'exit_cfg_node'.
[2025-08-13 17:17:13] Merging 1 fragment for 'successor'.
[2025-08-13 17:17:13] Merged 181032 bytes (176.79 KiB) for 'successor'.
[2025-08-13 17:17:13] Merging 1 fragment for 'filetype'.
[2025-08-13 17:17:13] Merged 311 bytes for 'filetype'.
[2025-08-13 17:17:13] Merging 1 fragment for 'extraction_time'.
[2025-08-13 17:17:13] Merged 16288 bytes (15.91 KiB) for 'extraction_time'.
[2025-08-13 17:17:13] Merging 1 fragment for 'is_greedy'.
[2025-08-13 17:17:13] Merged 76 bytes for 'is_greedy'.
[2025-08-13 17:17:13] Merging 1 fragment for 'comments'.
[2025-08-13 17:17:13] Merged 37690 bytes (36.81 KiB) for 'comments'.
[2025-08-13 17:17:13] Merging 1 fragment for 'next_token'.
[2025-08-13 17:17:13] Merged 20581 bytes (20.10 KiB) for 'next_token'.
[2025-08-13 17:17:13] Merging 1 fragment for 'is_optional_member'.
[2025-08-13 17:17:13] Merged 80 bytes for 'is_optional_member'.
[2025-08-13 17:17:13] Merging 1 fragment for 'guard_node'.
[2025-08-13 17:17:13] Merged 615 bytes for 'guard_node'.
[2025-08-13 17:17:13] Merging 1 fragment for 'is_capture'.
[2025-08-13 17:17:13] Merged 35 bytes for 'is_capture'.
[2025-08-13 17:17:13] Merging 1 fragment for 'has_rest_parameter'.
[2025-08-13 17:17:13] Merged 21 bytes for 'has_rest_parameter'.
[2025-08-13 17:17:13] Merging 1 fragment for 'json'.
[2025-08-13 17:17:13] Merged 340 bytes for 'json'.
[2025-08-13 17:17:13] Merging 1 fragment for 'json_locations'.
[2025-08-13 17:17:13] Merged 149 bytes for 'json_locations'.
[2025-08-13 17:17:13] Merging 1 fragment for 'json_literals'.
[2025-08-13 17:17:13] Merged 178 bytes for 'json_literals'.
[2025-08-13 17:17:13] Merging 1 fragment for 'json_properties'.
[2025-08-13 17:17:13] Merged 173 bytes for 'json_properties'.
[2025-08-13 17:17:13] Merging 1 fragment for 'jsdoc'.
[2025-08-13 17:17:13] Merged 20264 bytes (19.79 KiB) for 'jsdoc'.
[2025-08-13 17:17:13] Merging 1 fragment for 'jsdoc_tags'.
[2025-08-13 17:17:13] Merged 101030 bytes (98.66 KiB) for 'jsdoc_tags'.
[2025-08-13 17:17:13] Merging 1 fragment for 'jsdoc_errors'.
[2025-08-13 17:17:13] Merged 1181 bytes (1.15 KiB) for 'jsdoc_errors'.
[2025-08-13 17:17:13] Merging 1 fragment for 'is_nodejs'.
[2025-08-13 17:17:13] Merged 89 bytes for 'is_nodejs'.
[2025-08-13 17:17:13] Merging 1 fragment for 'sourceLocationPrefix'.
[2025-08-13 17:17:13] Merged 17 bytes for 'sourceLocationPrefix'.
[2025-08-13 17:17:13] Merging 1 fragment for 'jsdoc_tag_descriptions'.
[2025-08-13 17:17:13] Merged 7322 bytes (7.15 KiB) for 'jsdoc_tag_descriptions'.
[2025-08-13 17:17:13] Merging 1 fragment for 'jsdoc_tag_names'.
[2025-08-13 17:17:13] Merged 14770 bytes (14.42 KiB) for 'jsdoc_tag_names'.
[2025-08-13 17:17:13] Merging 1 fragment for 'jsdoc_type_exprs'.
[2025-08-13 17:17:13] Merged 129752 bytes (126.71 KiB) for 'jsdoc_type_exprs'.
[2025-08-13 17:17:13] Merging 1 fragment for 'is_externs'.
[2025-08-13 17:17:13] Merged 224 bytes for 'is_externs'.
[2025-08-13 17:17:13] Merging 1 fragment for 'jsdoc_prefix_qualifier'.
[2025-08-13 17:17:13] Merged 1894 bytes (1.85 KiB) for 'jsdoc_prefix_qualifier'.
[2025-08-13 17:17:13] Merging 1 fragment for 'jsdoc_record_field_name'.
[2025-08-13 17:17:13] Merged 1646 bytes (1.61 KiB) for 'jsdoc_record_field_name'.
[2025-08-13 17:17:13] Merging 1 fragment for 'jsdoc_has_new_parameter'.
[2025-08-13 17:17:13] Merged 35 bytes for 'jsdoc_has_new_parameter'.
[2025-08-13 17:17:13] Saving string and id pools to disk.
[2025-08-13 17:17:13] Finished importing TRAP files.
[2025-08-13 17:17:13] Read 48.50 MiB of uncompressed TRAP data.
[2025-08-13 17:17:13] Uncompressed relation data size: 14.90 MiB
[2025-08-13 17:17:13] Relation data size: 3.45 MiB (merge rate: 15.49 MiB/s)
[2025-08-13 17:17:13] String pool size: 4.78 MiB
[2025-08-13 17:17:13] ID pool size: 13.00 MiB
[2025-08-13 17:17:13] [PROGRESS] dataset import> Finished writing database (relations: 3.45 MiB; string pool: 4.78 MiB).
[2025-08-13 17:17:13] Pausing evaluation to close the cache at sequence stamp o+143
[2025-08-13 17:17:13] The disk cache is freshly trimmed; leave it be.
[2025-08-13 17:17:13] Unpausing evaluation
[2025-08-13 17:17:13] Plumbing command codeql dataset import completed.
[2025-08-13 17:17:13] [PROGRESS] database finalize> TRAP import complete (1.5s).
[2025-08-13 17:17:13] Running plumbing command: codeql database cleanup -- /Users/noxus/GitHub/noxus-web/CodeQL
[2025-08-13 17:17:13] [PROGRESS] database cleanup> Cleaning up existing TRAP files after import...
[2025-08-13 17:17:13] [PROGRESS] database cleanup> TRAP files cleaned up (12ms).
[2025-08-13 17:17:13] [PROGRESS] database cleanup> Cleaning up scratch directory...
[2025-08-13 17:17:13] [PROGRESS] database cleanup> Scratch directory cleaned up (1ms).
[2025-08-13 17:17:13] Running plumbing command: codeql dataset cleanup -- /Users/noxus/GitHub/noxus-web/CodeQL/db-javascript
[2025-08-13 17:17:13] [PROGRESS] dataset cleanup> Cleaning up dataset in /Users/noxus/GitHub/noxus-web/CodeQL/db-javascript.
[2025-08-13 17:17:13] Trimming disk cache at /Users/noxus/GitHub/noxus-web/CodeQL/db-javascript/default/cache in mode trim.
[2025-08-13 17:17:13] Sequence stamp origin is -6015873788252385827
[2025-08-13 17:17:13] Pausing evaluation to quickly trim memory at sequence stamp o+0
[2025-08-13 17:17:13] Unpausing evaluation
[2025-08-13 17:17:13] Pausing evaluation to zealously trim disk at sequence stamp o+1
[2025-08-13 17:17:13] Unpausing evaluation
[2025-08-13 17:17:13] Trimming completed (2ms): Trimmed disposable data from cache.
[2025-08-13 17:17:13] Pausing evaluation to close the cache at sequence stamp o+2
[2025-08-13 17:17:13] The disk cache is freshly trimmed; leave it be.
[2025-08-13 17:17:13] Unpausing evaluation
[2025-08-13 17:17:13] [PROGRESS] dataset cleanup> Trimmed disposable data from cache.
[2025-08-13 17:17:13] [PROGRESS] dataset cleanup> Finalizing dataset in /Users/noxus/GitHub/noxus-web/CodeQL/db-javascript
[2025-08-13 17:17:13] [DETAILS] dataset cleanup> Finished deleting ID pool from /Users/noxus/GitHub/noxus-web/CodeQL/db-javascript (1ms).
[2025-08-13 17:17:13] Plumbing command codeql dataset cleanup completed.
[2025-08-13 17:17:13] Plumbing command codeql database cleanup completed with status 0.
[2025-08-13 17:17:13] [PROGRESS] database finalize> Finished zipping source archive (286.86 KiB).
[2025-08-13 17:17:13] Plumbing command codeql database finalize completed.
[2025-08-13 17:17:13] [PROGRESS] database create> Successfully created database at /Users/noxus/GitHub/noxus-web/CodeQL.
[2025-08-13 17:17:13] Terminating normally.
